<?xml version="1.0" encoding="UTF-8"?>
<!-- Generated by org.testng.reporters.JUnitXMLReporter -->
<testsuite hostname="ICPL11500" ignored="1" name="BDD Test" tests="5" failures="2" timestamp="22 Jan 2018 08:03:44 GMT" time="112.894" errors="0">
  <testcase name="AddProductToCart" time="41.707" classname="com.qmetry.qaf.automation.step.client.DataDrivenScenario">
    <failure/>
  </testcase> <!-- AddProductToCart -->
  <testcase name="AddProductToCart" time="20.658" classname="com.qmetry.qaf.automation.step.client.DataDrivenScenario"/>
  <testcase name="AddProductToCart" time="20.825" classname="com.qmetry.qaf.automation.step.client.DataDrivenScenario"/>
  <testcase name="AddProductToCart" time="20.901" classname="com.qmetry.qaf.automation.step.client.DataDrivenScenario"/>
  <testcase name="AddProductToCart" time="8.248" classname="com.qmetry.qaf.automation.step.client.DataDrivenScenario">
    <failure type="java.lang.NumberFormatException" message="For input string: &amp;quot;4,999&amp;quot;">
      <![CDATA[java.lang.NumberFormatException: For input string: "4,999"
	at .And user verifies the product list is sorted or not(scenarios/AjioAddToCart.bdd:12)
	at java.lang.NumberFormatException.forInputString(NumberFormatException.java:65)
	at java.lang.Integer.parseInt(Integer.java:580)
	at java.lang.Integer.parseInt(Integer.java:615)
	at com.ajioweb.pages.SearchresultTestPage.verifySortedByPriceLowToHigh(SearchresultTestPage.java:92)
	at com.ajioweb.StepsBackLog.userVerifiesTheProductListIsSortedOrNot(StepsBackLog.java:42)
	at com.qmetry.qaf.automation.step.JavaStep.doExecute(JavaStep.java:160)
	at com.qmetry.qaf.automation.step.BaseTestStep.execute(BaseTestStep.java:149)
	at com.qmetry.qaf.automation.step.StringTestStep.execute(StringTestStep.java:134)
	at com.qmetry.qaf.automation.step.client.Scenario.execute(Scenario.java:167)
	at com.qmetry.qaf.automation.step.client.DataDrivenScenario.scenario(DataDrivenScenario.java:95)
]]>
    </failure>
  </testcase> <!-- AddProductToCart -->
  <testcase name="AddProductToCart" time="0.0" classname="com.qmetry.qaf.automation.step.client.DataDrivenScenario">
    <ignored/>
  </testcase> <!-- AddProductToCart -->
</testsuite> <!-- BDD Test -->
