<?xml version="1.0" encoding="UTF-8" ?>
<testsuite tests="1" failures="1" name="TestSuite" time="323.248" errors="0" skipped="0">
  <properties>
[...]
</properties>
  <testcase classname="com.ajioweb.test.TestFlipkartOrderVerification" name="verifyFlipkartOrder" time="322.048">
    <failure message="timeout
  (Session info: chrome=63.0.3239.132)
  (Driver info: chromedriver=2.33.506120 (e3e53437346286c0bc2d2dc9aa4915ba81d9023f),platform=Windows NT 10.0.10586 x86_64) (WARNING: The server did not provide any stacktrace information)
Command duration or timeout: 300.05 seconds
Build info: version: &apos;2.53.0&apos;, revision: &apos;35ae25b1534ae328c771e0856c93e187490ca824&apos;, time: &apos;2016-03-15 10:43:46&apos;
System info: host: &apos;ICPL11500&apos;, ip: &apos;10.11.31.133&apos;, os.name: &apos;Windows 10&apos;, os.arch: &apos;amd64&apos;, os.version: &apos;10.0&apos;, java.version: &apos;1.8.0_151&apos;
Driver info: com.qmetry.qaf.automation.ui.webdriver.QAFExtendedWebDriver
Capabilities [{applicationCacheEnabled=false, rotatable=false, mobileEmulationEnabled=false, networkConnectionEnabled=false, chrome={chromedriverVersion=2.33.506120 (e3e53437346286c0bc2d2dc9aa4915ba81d9023f), userDataDir=C:\Users\YESHWA~1.KUM\AppData\Local\Temp\scoped_dir5700_24795}, takesHeapSnapshot=true, pageLoadStrategy=normal, databaseEnabled=false, handlesAlerts=true, hasTouchScreen=false, version=63.0.3239.132, platform=XP, browserConnectionEnabled=false, nativeEvents=true, acceptSslCerts=true, locationContextEnabled=true, webStorageEnabled=true, browserName=chrome, takesScreenshot=true, javascriptEnabled=true, cssSelectorsEnabled=true, setWindowRect=true, unexpectedAlertBehaviour=}]
Session ID: 9f4ee3447f6239737a03f1cde2dfb323" type="org.openqa.selenium.TimeoutException">org.openqa.selenium.TimeoutException: timeout
  (Session info: chrome=63.0.3239.132)
  (Driver info: chromedriver=2.33.506120 (e3e53437346286c0bc2d2dc9aa4915ba81d9023f),platform=Windows NT 10.0.10586 x86_64) (WARNING: The server did not provide any stacktrace information)
Command duration or timeout: 300.05 seconds
Build info: version: &apos;2.53.0&apos;, revision: &apos;35ae25b1534ae328c771e0856c93e187490ca824&apos;, time: &apos;2016-03-15 10:43:46&apos;
System info: host: &apos;ICPL11500&apos;, ip: &apos;10.11.31.133&apos;, os.name: &apos;Windows 10&apos;, os.arch: &apos;amd64&apos;, os.version: &apos;10.0&apos;, java.version: &apos;1.8.0_151&apos;
Driver info: com.qmetry.qaf.automation.ui.webdriver.QAFExtendedWebDriver
Capabilities [{applicationCacheEnabled=false, rotatable=false, mobileEmulationEnabled=false, networkConnectionEnabled=false, chrome={chromedriverVersion=2.33.506120 (e3e53437346286c0bc2d2dc9aa4915ba81d9023f), userDataDir=C:\Users\YESHWA~1.KUM\AppData\Local\Temp\scoped_dir5700_24795}, takesHeapSnapshot=true, pageLoadStrategy=normal, databaseEnabled=false, handlesAlerts=true, hasTouchScreen=false, version=63.0.3239.132, platform=XP, browserConnectionEnabled=false, nativeEvents=true, acceptSslCerts=true, locationContextEnabled=true, webStorageEnabled=true, browserName=chrome, takesScreenshot=true, javascriptEnabled=true, cssSelectorsEnabled=true, setWindowRect=true, unexpectedAlertBehaviour=}]
Session ID: 9f4ee3447f6239737a03f1cde2dfb323
	at sun.reflect.NativeConstructorAccessorImpl.newInstance0(Native Method)
	at sun.reflect.NativeConstructorAccessorImpl.newInstance(NativeConstructorAccessorImpl.java:62)
	at sun.reflect.DelegatingConstructorAccessorImpl.newInstance(DelegatingConstructorAccessorImpl.java:45)
	at java.lang.reflect.Constructor.newInstance(Constructor.java:423)
	at org.openqa.selenium.remote.ErrorHandler.createThrowable(ErrorHandler.java:206)
	at org.openqa.selenium.remote.ErrorHandler.throwIfResponseFailed(ErrorHandler.java:158)
	at org.openqa.selenium.remote.RemoteWebDriver.execute(RemoteWebDriver.java:678)
	at com.qmetry.qaf.automation.ui.webdriver.QAFExtendedWebDriver.execute(QAFExtendedWebDriver.java:234)
	at com.qmetry.qaf.automation.ui.webdriver.QAFExtendedWebDriver.executeScript(QAFExtendedWebDriver.java:529)
	at com.ajioweb.pages.SearchresultTestPage.clickByIndex(SearchresultTestPage.java:82)
	at com.ajioweb.test.TestFlipkartOrderVerification.verifyFlipkartOrder(TestFlipkartOrderVerification.java:26)
</failure>
    <system-out>[ConfigurationManager] - ISFW build info: {qaf-Type=core, qaf-Revision=12-RC3, qaf-Version=2.1, qaf-Build-Time=06-Aug-2017 11:49:43}
[ConfigurationManager] - Resource dir: C:\Users\yeshwanth.kumar\QASWorkspace\AJioWeb\resources. Found property files to load: 3
[ConfigurationManager] - Resource dir: C:\Users\yeshwanth.kumar\QASWorkspace\AJioWeb\resources. Found property files to load: 1
[QAFTestBase] - Initializing Driver...browser_str:chromeDriver,base_url:http://www.ajio.com,sel_server:localhost,port:4444
[UiDriverFactory] - Driver: chromeDriver
driver init done
[WebDriverCommandLogger] - Executing get parameters: {&quot;url&quot;:&quot;http://www.ajio.com&quot;}
[WebDriverCommandLogger] - command: get[ param-1: {url=http://www.ajio.com}] Result: null
[WebDriverCommandLogger] - Executing maximizeWindow parameters: {&quot;windowHandle&quot;:&quot;current&quot;}
[WebDriverCommandLogger] - command: maximizeWindow[ param-1: {windowHandle=current}] Result: null
[WebDriverCommandLogger] - Executing findElements parameters: {&quot;using&quot;:&quot;xpath&quot;,&quot;value&quot;:&quot;//a[@href=&apos;/shop/men&apos;]&quot;}
[WebDriverCommandLogger] - command: findElements[ param-1: {value=//a[@href=&apos;/shop/men&apos;], using=xpath}] Result: [id: 0.47865463250720786-1, id: 0.47865463250720786-2]
[WebDriverCommandLogger] - Executing findElement parameters: {&quot;using&quot;:&quot;xpath&quot;,&quot;value&quot;:&quot;//a[@href=&apos;/shop/men&apos;]&quot;}
[WebDriverCommandLogger] - command: findElement[ param-1: {value=//a[@href=&apos;/shop/men&apos;], using=xpath}] Result: id: 0.47865463250720786-1
[WebDriverCommandLogger] - Executing isElementDisplayed element: By.xpath: //a[@href=&apos;/shop/men&apos;] parameters: {&quot;id&quot;:&quot;0.47865463250720786-1&quot;}
[WebDriverCommandLogger] - command: isElementDisplayed[ param-1: By.xpath: //a[@href=&apos;/shop/men&apos;] param-2: {&quot;id&quot;:&quot;0.47865463250720786-1&quot;}] Result: isElementDisplayed:true
[WebDriverCommandLogger] - Executing findElement parameters: {&quot;using&quot;:&quot;xpath&quot;,&quot;value&quot;:&quot;//a[@href=&apos;/shop/men&apos;]&quot;}
[WebDriverCommandLogger] - command: findElement[ param-1: {value=//a[@href=&apos;/shop/men&apos;], using=xpath}] Result: id: 0.47865463250720786-1
[WebDriverCommandLogger] - Executing isElementDisplayed element: By.xpath: //a[@href=&apos;/shop/men&apos;] parameters: {&quot;id&quot;:&quot;0.47865463250720786-1&quot;}
[WebDriverCommandLogger] - command: isElementDisplayed[ param-1: By.xpath: //a[@href=&apos;/shop/men&apos;] param-2: {&quot;id&quot;:&quot;0.47865463250720786-1&quot;}] Result: isElementDisplayed:true
[WebDriverCommandLogger] - Executing findElements parameters: {&quot;using&quot;:&quot;xpath&quot;,&quot;value&quot;:&quot;//a[@href=&apos;/shop/men&apos;]&quot;}
[WebDriverCommandLogger] - command: findElements[ param-1: {value=//a[@href=&apos;/shop/men&apos;], using=xpath}] Result: [id: 0.47865463250720786-1, id: 0.47865463250720786-2]
[WebDriverCommandLogger] - Executing findElement parameters: {&quot;using&quot;:&quot;xpath&quot;,&quot;value&quot;:&quot;//a[@href=&apos;/shop/men&apos;]&quot;}
[WebDriverCommandLogger] - command: findElement[ param-1: {value=//a[@href=&apos;/shop/men&apos;], using=xpath}] Result: id: 0.47865463250720786-1
[WebDriverCommandLogger] - Executing clickElement element: By.xpath: //a[@href=&apos;/shop/men&apos;] parameters: {&quot;id&quot;:&quot;0.47865463250720786-1&quot;}
[WebDriverCommandLogger] - command: clickElement[ param-1: By.xpath: //a[@href=&apos;/shop/men&apos;] param-2: {&quot;id&quot;:&quot;0.47865463250720786-1&quot;}] Result: clickElement:null
[WebDriverCommandLogger] - Executing getTitle parameters: {}
[WebDriverCommandLogger] - command: getTitle[ param-1: {}] Result: Online Shopping for Men: Clothes, Shoes, Tech &amp; more - AJIO
[WebDriverCommandLogger] - Executing screenshot parameters: {}
[QAFTestBase] - Capturing screen shotverifyFlipkartOrder_vjd7b3q729ds56497.png
[WebDriverCommandLogger] - Executing findElement parameters: {&quot;using&quot;:&quot;xpath&quot;,&quot;value&quot;:&quot;//a[@title=&apos;MEN&apos;]&quot;}
[WebDriverCommandLogger] - command: findElement[ param-1: {value=//a[@title=&apos;MEN&apos;], using=xpath}] Result: id: 0.3179832153509674-1
[WebDriverCommandLogger] - Executing mouseMoveTo parameters: {&quot;element&quot;:&quot;0.3179832153509674-1&quot;}
[WebDriverCommandLogger] - command: mouseMoveTo[ param-1: {element=0.3179832153509674-1}] Result: null
[WebDriverCommandLogger] - Executing findElement parameters: {&quot;using&quot;:&quot;xpath&quot;,&quot;value&quot;:&quot;//a[@title=&apos;Shirts&apos;]&quot;}
[WebDriverCommandLogger] - command: findElement[ param-1: {value=//a[@title=&apos;Shirts&apos;], using=xpath}] Result: no such element: Unable to locate element: {&quot;method&quot;:&quot;xpath&quot;,&quot;selector&quot;:&quot;//a[@title=&apos;Shirts&apos;]&quot;}
  (Session info: chrome=63.0.3239.132)
  (Driver info: chromedriver=2.33.506120 (e3e53437346286c0bc2d2dc9aa4915ba81d9023f),platform=Windows NT 10.0.10586 x86_64) (WARNING: The server did not provide any stacktrace information)
Command duration or timeout: 23 milliseconds
For documentation on this error, please visit: http://seleniumhq.org/exceptions/no_such_element.html
Build info: version: &apos;2.53.0&apos;, revision: &apos;35ae25b1534ae328c771e0856c93e187490ca824&apos;, time: &apos;2016-03-15 10:43:46&apos;
System info: host: &apos;ICPL11500&apos;, ip: &apos;10.11.31.133&apos;, os.name: &apos;Windows 10&apos;, os.arch: &apos;amd64&apos;, os.version: &apos;10.0&apos;, java.version: &apos;1.8.0_151&apos;
Driver info: com.qmetry.qaf.automation.ui.webdriver.QAFExtendedWebDriver
Capabilities [{applicationCacheEnabled=false, rotatable=false, mobileEmulationEnabled=false, networkConnectionEnabled=false, chrome={chromedriverVersion=2.33.506120 (e3e53437346286c0bc2d2dc9aa4915ba81d9023f), userDataDir=C:\Users\YESHWA~1.KUM\AppData\Local\Temp\scoped_dir5700_24795}, takesHeapSnapshot=true, pageLoadStrategy=normal, databaseEnabled=false, handlesAlerts=true, hasTouchScreen=false, version=63.0.3239.132, platform=XP, browserConnectionEnabled=false, nativeEvents=true, acceptSslCerts=true, locationContextEnabled=true, webStorageEnabled=true, browserName=chrome, takesScreenshot=true, javascriptEnabled=true, cssSelectorsEnabled=true, setWindowRect=true, unexpectedAlertBehaviour=}]
Session ID: 9f4ee3447f6239737a03f1cde2dfb323
*** Element info: {Using=xpath, value=//a[@title=&apos;Shirts&apos;]}
[WebDriverCommandLogger] - Executing findElement parameters: {&quot;using&quot;:&quot;xpath&quot;,&quot;value&quot;:&quot;//a[@title=&apos;Shirts&apos;]&quot;}
[WebDriverCommandLogger] - command: findElement[ param-1: {value=//a[@title=&apos;Shirts&apos;], using=xpath}] Result: id: 0.3179832153509674-2
[WebDriverCommandLogger] - Executing clickElement element: By.xpath: //a[@title=&apos;Shirts&apos;] parameters: {&quot;id&quot;:&quot;0.3179832153509674-2&quot;}
[WebDriverCommandLogger] - command: clickElement[ param-1: By.xpath: //a[@title=&apos;Shirts&apos;] param-2: {&quot;id&quot;:&quot;0.3179832153509674-2&quot;}] Result: clickElement:null
[WebDriverCommandLogger] - Executing findElements parameters: {&quot;using&quot;:&quot;xpath&quot;,&quot;value&quot;:&quot;//div[@class=&apos;preview&apos;]&quot;}
[WebDriverCommandLogger] - command: findElements[ param-1: {value=//div[@class=&apos;preview&apos;], using=xpath}] Result: [id: 0.07580916633799295-1, id: 0.07580916633799295-2, id: 0.07580916633799295-3, id: 0.07580916633799295-4, id: 0.07580916633799295-5, id: 0.07580916633799295-6, id: 0.07580916633799295-7, id: 0.07580916633799295-8, id: 0.07580916633799295-9, id: 0.07580916633799295-10, id: 0.07580916633799295-11, id: 0.07580916633799295-12, id: 0.07580916633799295-13, id: 0.07580916633799295-14, id: 0.07580916633799295-15, id: 0.07580916633799295-16, id: 0.07580916633799295-17, id: 0.07580916633799295-18, id: 0.07580916633799295-19, id: 0.07580916633799295-20, id: 0.07580916633799295-21, id: 0.07580916633799295-22, id: 0.07580916633799295-23, id: 0.07580916633799295-24, id: 0.07580916633799295-25, id: 0.07580916633799295-26, id: 0.07580916633799295-27, id: 0.07580916633799295-28, id: 0.07580916633799295-29, id: 0.07580916633799295-30, id: 0.07580916633799295-31, id: 0.07580916633799295-32, id: 0.07580916633799295-33, id: 0.07580916633799295-34, id: 0.07580916633799295-35, id: 0.07580916633799295-36, id: 0.07580916633799295-37, id: 0.07580916633799295-38, id: 0.07580916633799295-39, id: 0.07580916633799295-40, id: 0.07580916633799295-41, id: 0.07580916633799295-42, id: 0.07580916633799295-43, id: 0.07580916633799295-44, id: 0.07580916633799295-45]
[WebDriverCommandLogger] - Executing screenshot parameters: {}
[QAFTestBase] - Capturing screen shotverifyFlipkartOrder_q2a6vceprpui56498.png
[WebDriverCommandLogger] - Executing findElement parameters: {&quot;using&quot;:&quot;xpath&quot;,&quot;value&quot;:&quot;//select&quot;}
[WebDriverCommandLogger] - command: findElement[ param-1: {value=//select, using=xpath}] Result: id: 0.07580916633799295-46
[WebDriverCommandLogger] - Executing getElementTagName element: By.xpath: //select parameters: {&quot;id&quot;:&quot;0.07580916633799295-46&quot;}
[WebDriverCommandLogger] - command: getElementTagName[ param-1: By.xpath: //select param-2: {&quot;id&quot;:&quot;0.07580916633799295-46&quot;}] Result: getElementTagName:select
[WebDriverCommandLogger] - Executing findElement parameters: {&quot;using&quot;:&quot;xpath&quot;,&quot;value&quot;:&quot;//select&quot;}
[WebDriverCommandLogger] - command: findElement[ param-1: {value=//select, using=xpath}] Result: id: 0.07580916633799295-46
[WebDriverCommandLogger] - Executing getElementAttribute element: By.xpath: //select parameters: {&quot;name&quot;:&quot;multiple&quot;,&quot;id&quot;:&quot;0.07580916633799295-46&quot;}
[WebDriverCommandLogger] - command: getElementAttribute[ param-1: By.xpath: //select param-2: {&quot;name&quot;:&quot;multiple&quot;,&quot;id&quot;:&quot;0.07580916633799295-46&quot;}] Result: getElementAttribute:null
[WebDriverCommandLogger] - Executing findElement parameters: {&quot;using&quot;:&quot;xpath&quot;,&quot;value&quot;:&quot;//select&quot;}
[WebDriverCommandLogger] - command: findElement[ param-1: {value=//select, using=xpath}] Result: id: 0.07580916633799295-46
[WebDriverCommandLogger] - Executing findChildElements element: By.xpath: //select parameters: {&quot;using&quot;:&quot;xpath&quot;,&quot;id&quot;:&quot;0.07580916633799295-46&quot;,&quot;value&quot;:&quot;.//option[normalize-space(.) = \&quot;Price (lowest first)\&quot;]&quot;}
[WebDriverCommandLogger] - command: findChildElements[ param-1: By.xpath: //select param-2: {&quot;using&quot;:&quot;xpath&quot;,&quot;id&quot;:&quot;0.07580916633799295-46&quot;,&quot;value&quot;:&quot;.//option[normalize-space(.) = \&quot;Price (lowest first)\&quot;]&quot;}] Result: findChildElements:[id: 0.07580916633799295-47]
[WebDriverCommandLogger] - Executing isElementSelected element: id: 0.07580916633799295-47 parameters: {&quot;id&quot;:&quot;0.07580916633799295-47&quot;}
[WebDriverCommandLogger] - command: isElementSelected[ param-1: id: 0.07580916633799295-47 param-2: {&quot;id&quot;:&quot;0.07580916633799295-47&quot;}] Result: isElementSelected:false
[WebDriverCommandLogger] - Executing clickElement element: id: 0.07580916633799295-47 parameters: {&quot;id&quot;:&quot;0.07580916633799295-47&quot;}
[WebDriverCommandLogger] - command: clickElement[ param-1: id: 0.07580916633799295-47 param-2: {&quot;id&quot;:&quot;0.07580916633799295-47&quot;}] Result: clickElement:null
[WebDriverCommandLogger] - Executing findElements parameters: {&quot;using&quot;:&quot;xpath&quot;,&quot;value&quot;:&quot;//div[@class=&apos;preview&apos;]&quot;}
[WebDriverCommandLogger] - command: findElements[ param-1: {value=//div[@class=&apos;preview&apos;], using=xpath}] Result: [id: 0.07580916633799295-1, id: 0.07580916633799295-2, id: 0.07580916633799295-3, id: 0.07580916633799295-4, id: 0.07580916633799295-5, id: 0.07580916633799295-6, id: 0.07580916633799295-7, id: 0.07580916633799295-8, id: 0.07580916633799295-9, id: 0.07580916633799295-10, id: 0.07580916633799295-11, id: 0.07580916633799295-12, id: 0.07580916633799295-13, id: 0.07580916633799295-14, id: 0.07580916633799295-15, id: 0.07580916633799295-16, id: 0.07580916633799295-17, id: 0.07580916633799295-18, id: 0.07580916633799295-19, id: 0.07580916633799295-20, id: 0.07580916633799295-21, id: 0.07580916633799295-22, id: 0.07580916633799295-23, id: 0.07580916633799295-24, id: 0.07580916633799295-25, id: 0.07580916633799295-26, id: 0.07580916633799295-27, id: 0.07580916633799295-28, id: 0.07580916633799295-29, id: 0.07580916633799295-30, id: 0.07580916633799295-31, id: 0.07580916633799295-32, id: 0.07580916633799295-33, id: 0.07580916633799295-34, id: 0.07580916633799295-35, id: 0.07580916633799295-36, id: 0.07580916633799295-37, id: 0.07580916633799295-38, id: 0.07580916633799295-39, id: 0.07580916633799295-40, id: 0.07580916633799295-41, id: 0.07580916633799295-42, id: 0.07580916633799295-43, id: 0.07580916633799295-44, id: 0.07580916633799295-45]
[WebDriverCommandLogger] - Executing findChildElement element: By.xpath: //div[@class=&apos;preview&apos;] parameters: {&quot;using&quot;:&quot;xpath&quot;,&quot;id&quot;:&quot;0.07580916633799295-1&quot;,&quot;value&quot;:&quot;//span[@class=&apos;price&apos;]&quot;}
[WebDriverCommandLogger] - command: findChildElement[ param-1: By.xpath: //div[@class=&apos;preview&apos;] param-2: {&quot;using&quot;:&quot;xpath&quot;,&quot;id&quot;:&quot;0.07580916633799295-1&quot;,&quot;value&quot;:&quot;//span[@class=&apos;price&apos;]&quot;}] Result: findChildElement:id: 0.07580916633799295-48
[WebDriverCommandLogger] - Executing getElementText element: By.xpath: //span[@class=&apos;price&apos;] parameters: {&quot;id&quot;:&quot;0.07580916633799295-48&quot;}
[WebDriverCommandLogger] - command: getElementText[ param-1: By.xpath: //span[@class=&apos;price&apos;] param-2: {&quot;id&quot;:&quot;0.07580916633799295-48&quot;}] Result: getElementText:Rs. 300
[WebDriverCommandLogger] - Executing findChildElement element: By.xpath: //div[@class=&apos;preview&apos;] parameters: {&quot;using&quot;:&quot;xpath&quot;,&quot;id&quot;:&quot;0.07580916633799295-2&quot;,&quot;value&quot;:&quot;//span[@class=&apos;price&apos;]&quot;}
[WebDriverCommandLogger] - command: findChildElement[ param-1: By.xpath: //div[@class=&apos;preview&apos;] param-2: {&quot;using&quot;:&quot;xpath&quot;,&quot;id&quot;:&quot;0.07580916633799295-2&quot;,&quot;value&quot;:&quot;//span[@class=&apos;price&apos;]&quot;}] Result: findChildElement:id: 0.07580916633799295-48
[WebDriverCommandLogger] - Executing getElementText element: By.xpath: //span[@class=&apos;price&apos;] parameters: {&quot;id&quot;:&quot;0.07580916633799295-48&quot;}
[WebDriverCommandLogger] - command: getElementText[ param-1: By.xpath: //span[@class=&apos;price&apos;] param-2: {&quot;id&quot;:&quot;0.07580916633799295-48&quot;}] Result: getElementText:Rs. 300
[WebDriverCommandLogger] - Executing findChildElement element: By.xpath: //div[@class=&apos;preview&apos;] parameters: {&quot;using&quot;:&quot;xpath&quot;,&quot;id&quot;:&quot;0.07580916633799295-3&quot;,&quot;value&quot;:&quot;//span[@class=&apos;price&apos;]&quot;}
[WebDriverCommandLogger] - command: findChildElement[ param-1: By.xpath: //div[@class=&apos;preview&apos;] param-2: {&quot;using&quot;:&quot;xpath&quot;,&quot;id&quot;:&quot;0.07580916633799295-3&quot;,&quot;value&quot;:&quot;//span[@class=&apos;price&apos;]&quot;}] Result: findChildElement:id: 0.07580916633799295-48
[WebDriverCommandLogger] - Executing getElementText element: By.xpath: //span[@class=&apos;price&apos;] parameters: {&quot;id&quot;:&quot;0.07580916633799295-48&quot;}
[WebDriverCommandLogger] - command: getElementText[ param-1: By.xpath: //span[@class=&apos;price&apos;] param-2: {&quot;id&quot;:&quot;0.07580916633799295-48&quot;}] Result: getElementText:Rs. 300
[WebDriverCommandLogger] - Executing findChildElement element: By.xpath: //div[@class=&apos;preview&apos;] parameters: {&quot;using&quot;:&quot;xpath&quot;,&quot;id&quot;:&quot;0.07580916633799295-4&quot;,&quot;value&quot;:&quot;//span[@class=&apos;price&apos;]&quot;}
[WebDriverCommandLogger] - command: findChildElement[ param-1: By.xpath: //div[@class=&apos;preview&apos;] param-2: {&quot;using&quot;:&quot;xpath&quot;,&quot;id&quot;:&quot;0.07580916633799295-4&quot;,&quot;value&quot;:&quot;//span[@class=&apos;price&apos;]&quot;}] Result: findChildElement:id: 0.07580916633799295-48
[WebDriverCommandLogger] - Executing getElementText element: By.xpath: //span[@class=&apos;price&apos;] parameters: {&quot;id&quot;:&quot;0.07580916633799295-48&quot;}
[WebDriverCommandLogger] - command: getElementText[ param-1: By.xpath: //span[@class=&apos;price&apos;] param-2: {&quot;id&quot;:&quot;0.07580916633799295-48&quot;}] Result: getElementText:Rs. 300
[WebDriverCommandLogger] - Executing findChildElement element: By.xpath: //div[@class=&apos;preview&apos;] parameters: {&quot;using&quot;:&quot;xpath&quot;,&quot;id&quot;:&quot;0.07580916633799295-5&quot;,&quot;value&quot;:&quot;//span[@class=&apos;price&apos;]&quot;}
[WebDriverCommandLogger] - command: findChildElement[ param-1: By.xpath: //div[@class=&apos;preview&apos;] param-2: {&quot;using&quot;:&quot;xpath&quot;,&quot;id&quot;:&quot;0.07580916633799295-5&quot;,&quot;value&quot;:&quot;//span[@class=&apos;price&apos;]&quot;}] Result: findChildElement:id: 0.07580916633799295-48
[WebDriverCommandLogger] - Executing getElementText element: By.xpath: //span[@class=&apos;price&apos;] parameters: {&quot;id&quot;:&quot;0.07580916633799295-48&quot;}
[WebDriverCommandLogger] - command: getElementText[ param-1: By.xpath: //span[@class=&apos;price&apos;] param-2: {&quot;id&quot;:&quot;0.07580916633799295-48&quot;}] Result: getElementText:Rs. 300
[WebDriverCommandLogger] - Executing findChildElement element: By.xpath: //div[@class=&apos;preview&apos;] parameters: {&quot;using&quot;:&quot;xpath&quot;,&quot;id&quot;:&quot;0.07580916633799295-6&quot;,&quot;value&quot;:&quot;//span[@class=&apos;price&apos;]&quot;}
[WebDriverCommandLogger] - command: findChildElement[ param-1: By.xpath: //div[@class=&apos;preview&apos;] param-2: {&quot;using&quot;:&quot;xpath&quot;,&quot;id&quot;:&quot;0.07580916633799295-6&quot;,&quot;value&quot;:&quot;//span[@class=&apos;price&apos;]&quot;}] Result: findChildElement:id: 0.07580916633799295-48
[WebDriverCommandLogger] - Executing getElementText element: By.xpath: //span[@class=&apos;price&apos;] parameters: {&quot;id&quot;:&quot;0.07580916633799295-48&quot;}
[WebDriverCommandLogger] - command: getElementText[ param-1: By.xpath: //span[@class=&apos;price&apos;] param-2: {&quot;id&quot;:&quot;0.07580916633799295-48&quot;}] Result: getElementText:Rs. 300
[WebDriverCommandLogger] - Executing findChildElement element: By.xpath: //div[@class=&apos;preview&apos;] parameters: {&quot;using&quot;:&quot;xpath&quot;,&quot;id&quot;:&quot;0.07580916633799295-7&quot;,&quot;value&quot;:&quot;//span[@class=&apos;price&apos;]&quot;}
[WebDriverCommandLogger] - command: findChildElement[ param-1: By.xpath: //div[@class=&apos;preview&apos;] param-2: {&quot;using&quot;:&quot;xpath&quot;,&quot;id&quot;:&quot;0.07580916633799295-7&quot;,&quot;value&quot;:&quot;//span[@class=&apos;price&apos;]&quot;}] Result: findChildElement:id: 0.07580916633799295-48
[WebDriverCommandLogger] - Executing getElementText element: By.xpath: //span[@class=&apos;price&apos;] parameters: {&quot;id&quot;:&quot;0.07580916633799295-48&quot;}
[WebDriverCommandLogger] - command: getElementText[ param-1: By.xpath: //span[@class=&apos;price&apos;] param-2: {&quot;id&quot;:&quot;0.07580916633799295-48&quot;}] Result: getElementText:Rs. 300
[WebDriverCommandLogger] - Executing findChildElement element: By.xpath: //div[@class=&apos;preview&apos;] parameters: {&quot;using&quot;:&quot;xpath&quot;,&quot;id&quot;:&quot;0.07580916633799295-8&quot;,&quot;value&quot;:&quot;//span[@class=&apos;price&apos;]&quot;}
[WebDriverCommandLogger] - command: findChildElement[ param-1: By.xpath: //div[@class=&apos;preview&apos;] param-2: {&quot;using&quot;:&quot;xpath&quot;,&quot;id&quot;:&quot;0.07580916633799295-8&quot;,&quot;value&quot;:&quot;//span[@class=&apos;price&apos;]&quot;}] Result: findChildElement:id: 0.07580916633799295-48
[WebDriverCommandLogger] - Executing getElementText element: By.xpath: //span[@class=&apos;price&apos;] parameters: {&quot;id&quot;:&quot;0.07580916633799295-48&quot;}
[WebDriverCommandLogger] - command: getElementText[ param-1: By.xpath: //span[@class=&apos;price&apos;] param-2: {&quot;id&quot;:&quot;0.07580916633799295-48&quot;}] Result: getElementText:Rs. 300
[WebDriverCommandLogger] - Executing findChildElement element: By.xpath: //div[@class=&apos;preview&apos;] parameters: {&quot;using&quot;:&quot;xpath&quot;,&quot;id&quot;:&quot;0.07580916633799295-9&quot;,&quot;value&quot;:&quot;//span[@class=&apos;price&apos;]&quot;}
[WebDriverCommandLogger] - command: findChildElement[ param-1: By.xpath: //div[@class=&apos;preview&apos;] param-2: {&quot;using&quot;:&quot;xpath&quot;,&quot;id&quot;:&quot;0.07580916633799295-9&quot;,&quot;value&quot;:&quot;//span[@class=&apos;price&apos;]&quot;}] Result: findChildElement:id: 0.07580916633799295-48
[WebDriverCommandLogger] - Executing getElementText element: By.xpath: //span[@class=&apos;price&apos;] parameters: {&quot;id&quot;:&quot;0.07580916633799295-48&quot;}
[WebDriverCommandLogger] - command: getElementText[ param-1: By.xpath: //span[@class=&apos;price&apos;] param-2: {&quot;id&quot;:&quot;0.07580916633799295-48&quot;}] Result: getElementText:Rs. 300
[WebDriverCommandLogger] - Executing findChildElement element: By.xpath: //div[@class=&apos;preview&apos;] parameters: {&quot;using&quot;:&quot;xpath&quot;,&quot;id&quot;:&quot;0.07580916633799295-10&quot;,&quot;value&quot;:&quot;//span[@class=&apos;price&apos;]&quot;}
[WebDriverCommandLogger] - command: findChildElement[ param-1: By.xpath: //div[@class=&apos;preview&apos;] param-2: {&quot;using&quot;:&quot;xpath&quot;,&quot;id&quot;:&quot;0.07580916633799295-10&quot;,&quot;value&quot;:&quot;//span[@class=&apos;price&apos;]&quot;}] Result: findChildElement:id: 0.07580916633799295-48
[WebDriverCommandLogger] - Executing getElementText element: By.xpath: //span[@class=&apos;price&apos;] parameters: {&quot;id&quot;:&quot;0.07580916633799295-48&quot;}
[WebDriverCommandLogger] - command: getElementText[ param-1: By.xpath: //span[@class=&apos;price&apos;] param-2: {&quot;id&quot;:&quot;0.07580916633799295-48&quot;}] Result: getElementText:Rs. 300
[WebDriverCommandLogger] - Executing findChildElement element: By.xpath: //div[@class=&apos;preview&apos;] parameters: {&quot;using&quot;:&quot;xpath&quot;,&quot;id&quot;:&quot;0.07580916633799295-11&quot;,&quot;value&quot;:&quot;//span[@class=&apos;price&apos;]&quot;}
[WebDriverCommandLogger] - command: findChildElement[ param-1: By.xpath: //div[@class=&apos;preview&apos;] param-2: {&quot;using&quot;:&quot;xpath&quot;,&quot;id&quot;:&quot;0.07580916633799295-11&quot;,&quot;value&quot;:&quot;//span[@class=&apos;price&apos;]&quot;}] Result: findChildElement:id: 0.07580916633799295-48
[WebDriverCommandLogger] - Executing getElementText element: By.xpath: //span[@class=&apos;price&apos;] parameters: {&quot;id&quot;:&quot;0.07580916633799295-48&quot;}
[WebDriverCommandLogger] - command: getElementText[ param-1: By.xpath: //span[@class=&apos;price&apos;] param-2: {&quot;id&quot;:&quot;0.07580916633799295-48&quot;}] Result: getElementText:Rs. 300
[WebDriverCommandLogger] - Executing findChildElement element: By.xpath: //div[@class=&apos;preview&apos;] parameters: {&quot;using&quot;:&quot;xpath&quot;,&quot;id&quot;:&quot;0.07580916633799295-12&quot;,&quot;value&quot;:&quot;//span[@class=&apos;price&apos;]&quot;}
[WebDriverCommandLogger] - command: findChildElement[ param-1: By.xpath: //div[@class=&apos;preview&apos;] param-2: {&quot;using&quot;:&quot;xpath&quot;,&quot;id&quot;:&quot;0.07580916633799295-12&quot;,&quot;value&quot;:&quot;//span[@class=&apos;price&apos;]&quot;}] Result: findChildElement:id: 0.07580916633799295-48
[WebDriverCommandLogger] - Executing getElementText element: By.xpath: //span[@class=&apos;price&apos;] parameters: {&quot;id&quot;:&quot;0.07580916633799295-48&quot;}
[WebDriverCommandLogger] - command: getElementText[ param-1: By.xpath: //span[@class=&apos;price&apos;] param-2: {&quot;id&quot;:&quot;0.07580916633799295-48&quot;}] Result: getElementText:Rs. 300
[WebDriverCommandLogger] - Executing findChildElement element: By.xpath: //div[@class=&apos;preview&apos;] parameters: {&quot;using&quot;:&quot;xpath&quot;,&quot;id&quot;:&quot;0.07580916633799295-13&quot;,&quot;value&quot;:&quot;//span[@class=&apos;price&apos;]&quot;}
[WebDriverCommandLogger] - command: findChildElement[ param-1: By.xpath: //div[@class=&apos;preview&apos;] param-2: {&quot;using&quot;:&quot;xpath&quot;,&quot;id&quot;:&quot;0.07580916633799295-13&quot;,&quot;value&quot;:&quot;//span[@class=&apos;price&apos;]&quot;}] Result: findChildElement:id: 0.07580916633799295-48
[WebDriverCommandLogger] - Executing getElementText element: By.xpath: //span[@class=&apos;price&apos;] parameters: {&quot;id&quot;:&quot;0.07580916633799295-48&quot;}
[WebDriverCommandLogger] - command: getElementText[ param-1: By.xpath: //span[@class=&apos;price&apos;] param-2: {&quot;id&quot;:&quot;0.07580916633799295-48&quot;}] Result: getElementText:Rs. 300
[WebDriverCommandLogger] - Executing findChildElement element: By.xpath: //div[@class=&apos;preview&apos;] parameters: {&quot;using&quot;:&quot;xpath&quot;,&quot;id&quot;:&quot;0.07580916633799295-14&quot;,&quot;value&quot;:&quot;//span[@class=&apos;price&apos;]&quot;}
[WebDriverCommandLogger] - command: findChildElement[ param-1: By.xpath: //div[@class=&apos;preview&apos;] param-2: {&quot;using&quot;:&quot;xpath&quot;,&quot;id&quot;:&quot;0.07580916633799295-14&quot;,&quot;value&quot;:&quot;//span[@class=&apos;price&apos;]&quot;}] Result: findChildElement:id: 0.07580916633799295-48
[WebDriverCommandLogger] - Executing getElementText element: By.xpath: //span[@class=&apos;price&apos;] parameters: {&quot;id&quot;:&quot;0.07580916633799295-48&quot;}
[WebDriverCommandLogger] - command: getElementText[ param-1: By.xpath: //span[@class=&apos;price&apos;] param-2: {&quot;id&quot;:&quot;0.07580916633799295-48&quot;}] Result: getElementText:Rs. 300
[WebDriverCommandLogger] - Executing findChildElement element: By.xpath: //div[@class=&apos;preview&apos;] parameters: {&quot;using&quot;:&quot;xpath&quot;,&quot;id&quot;:&quot;0.07580916633799295-15&quot;,&quot;value&quot;:&quot;//span[@class=&apos;price&apos;]&quot;}
[WebDriverCommandLogger] - command: findChildElement[ param-1: By.xpath: //div[@class=&apos;preview&apos;] param-2: {&quot;using&quot;:&quot;xpath&quot;,&quot;id&quot;:&quot;0.07580916633799295-15&quot;,&quot;value&quot;:&quot;//span[@class=&apos;price&apos;]&quot;}] Result: findChildElement:id: 0.07580916633799295-48
[WebDriverCommandLogger] - Executing getElementText element: By.xpath: //span[@class=&apos;price&apos;] parameters: {&quot;id&quot;:&quot;0.07580916633799295-48&quot;}
[WebDriverCommandLogger] - command: getElementText[ param-1: By.xpath: //span[@class=&apos;price&apos;] param-2: {&quot;id&quot;:&quot;0.07580916633799295-48&quot;}] Result: getElementText:Rs. 300
[WebDriverCommandLogger] - Executing findChildElement element: By.xpath: //div[@class=&apos;preview&apos;] parameters: {&quot;using&quot;:&quot;xpath&quot;,&quot;id&quot;:&quot;0.07580916633799295-16&quot;,&quot;value&quot;:&quot;//span[@class=&apos;price&apos;]&quot;}
[WebDriverCommandLogger] - command: findChildElement[ param-1: By.xpath: //div[@class=&apos;preview&apos;] param-2: {&quot;using&quot;:&quot;xpath&quot;,&quot;id&quot;:&quot;0.07580916633799295-16&quot;,&quot;value&quot;:&quot;//span[@class=&apos;price&apos;]&quot;}] Result: findChildElement:id: 0.07580916633799295-48
[WebDriverCommandLogger] - Executing getElementText element: By.xpath: //span[@class=&apos;price&apos;] parameters: {&quot;id&quot;:&quot;0.07580916633799295-48&quot;}
[WebDriverCommandLogger] - command: getElementText[ param-1: By.xpath: //span[@class=&apos;price&apos;] param-2: {&quot;id&quot;:&quot;0.07580916633799295-48&quot;}] Result: getElementText:Rs. 300
[WebDriverCommandLogger] - Executing findChildElement element: By.xpath: //div[@class=&apos;preview&apos;] parameters: {&quot;using&quot;:&quot;xpath&quot;,&quot;id&quot;:&quot;0.07580916633799295-17&quot;,&quot;value&quot;:&quot;//span[@class=&apos;price&apos;]&quot;}
[WebDriverCommandLogger] - command: findChildElement[ param-1: By.xpath: //div[@class=&apos;preview&apos;] param-2: {&quot;using&quot;:&quot;xpath&quot;,&quot;id&quot;:&quot;0.07580916633799295-17&quot;,&quot;value&quot;:&quot;//span[@class=&apos;price&apos;]&quot;}] Result: findChildElement:id: 0.07580916633799295-48
[WebDriverCommandLogger] - Executing getElementText element: By.xpath: //span[@class=&apos;price&apos;] parameters: {&quot;id&quot;:&quot;0.07580916633799295-48&quot;}
[WebDriverCommandLogger] - command: getElementText[ param-1: By.xpath: //span[@class=&apos;price&apos;] param-2: {&quot;id&quot;:&quot;0.07580916633799295-48&quot;}] Result: getElementText:Rs. 300
[WebDriverCommandLogger] - Executing findChildElement element: By.xpath: //div[@class=&apos;preview&apos;] parameters: {&quot;using&quot;:&quot;xpath&quot;,&quot;id&quot;:&quot;0.07580916633799295-18&quot;,&quot;value&quot;:&quot;//span[@class=&apos;price&apos;]&quot;}
[WebDriverCommandLogger] - command: findChildElement[ param-1: By.xpath: //div[@class=&apos;preview&apos;] param-2: {&quot;using&quot;:&quot;xpath&quot;,&quot;id&quot;:&quot;0.07580916633799295-18&quot;,&quot;value&quot;:&quot;//span[@class=&apos;price&apos;]&quot;}] Result: findChildElement:id: 0.07580916633799295-48
[WebDriverCommandLogger] - Executing getElementText element: By.xpath: //span[@class=&apos;price&apos;] parameters: {&quot;id&quot;:&quot;0.07580916633799295-48&quot;}
[WebDriverCommandLogger] - command: getElementText[ param-1: By.xpath: //span[@class=&apos;price&apos;] param-2: {&quot;id&quot;:&quot;0.07580916633799295-48&quot;}] Result: getElementText:Rs. 300
[WebDriverCommandLogger] - Executing findChildElement element: By.xpath: //div[@class=&apos;preview&apos;] parameters: {&quot;using&quot;:&quot;xpath&quot;,&quot;id&quot;:&quot;0.07580916633799295-19&quot;,&quot;value&quot;:&quot;//span[@class=&apos;price&apos;]&quot;}
[WebDriverCommandLogger] - command: findChildElement[ param-1: By.xpath: //div[@class=&apos;preview&apos;] param-2: {&quot;using&quot;:&quot;xpath&quot;,&quot;id&quot;:&quot;0.07580916633799295-19&quot;,&quot;value&quot;:&quot;//span[@class=&apos;price&apos;]&quot;}] Result: findChildElement:id: 0.07580916633799295-48
[WebDriverCommandLogger] - Executing getElementText element: By.xpath: //span[@class=&apos;price&apos;] parameters: {&quot;id&quot;:&quot;0.07580916633799295-48&quot;}
[WebDriverCommandLogger] - command: getElementText[ param-1: By.xpath: //span[@class=&apos;price&apos;] param-2: {&quot;id&quot;:&quot;0.07580916633799295-48&quot;}] Result: getElementText:Rs. 300
[WebDriverCommandLogger] - Executing findChildElement element: By.xpath: //div[@class=&apos;preview&apos;] parameters: {&quot;using&quot;:&quot;xpath&quot;,&quot;id&quot;:&quot;0.07580916633799295-20&quot;,&quot;value&quot;:&quot;//span[@class=&apos;price&apos;]&quot;}
[WebDriverCommandLogger] - command: findChildElement[ param-1: By.xpath: //div[@class=&apos;preview&apos;] param-2: {&quot;using&quot;:&quot;xpath&quot;,&quot;id&quot;:&quot;0.07580916633799295-20&quot;,&quot;value&quot;:&quot;//span[@class=&apos;price&apos;]&quot;}] Result: findChildElement:id: 0.07580916633799295-48
[WebDriverCommandLogger] - Executing getElementText element: By.xpath: //span[@class=&apos;price&apos;] parameters: {&quot;id&quot;:&quot;0.07580916633799295-48&quot;}
[WebDriverCommandLogger] - command: getElementText[ param-1: By.xpath: //span[@class=&apos;price&apos;] param-2: {&quot;id&quot;:&quot;0.07580916633799295-48&quot;}] Result: getElementText:Rs. 300
[WebDriverCommandLogger] - Executing findChildElement element: By.xpath: //div[@class=&apos;preview&apos;] parameters: {&quot;using&quot;:&quot;xpath&quot;,&quot;id&quot;:&quot;0.07580916633799295-21&quot;,&quot;value&quot;:&quot;//span[@class=&apos;price&apos;]&quot;}
[WebDriverCommandLogger] - command: findChildElement[ param-1: By.xpath: //div[@class=&apos;preview&apos;] param-2: {&quot;using&quot;:&quot;xpath&quot;,&quot;id&quot;:&quot;0.07580916633799295-21&quot;,&quot;value&quot;:&quot;//span[@class=&apos;price&apos;]&quot;}] Result: findChildElement:id: 0.07580916633799295-48
[WebDriverCommandLogger] - Executing getElementText element: By.xpath: //span[@class=&apos;price&apos;] parameters: {&quot;id&quot;:&quot;0.07580916633799295-48&quot;}
[WebDriverCommandLogger] - command: getElementText[ param-1: By.xpath: //span[@class=&apos;price&apos;] param-2: {&quot;id&quot;:&quot;0.07580916633799295-48&quot;}] Result: getElementText:Rs. 300
[WebDriverCommandLogger] - Executing findChildElement element: By.xpath: //div[@class=&apos;preview&apos;] parameters: {&quot;using&quot;:&quot;xpath&quot;,&quot;id&quot;:&quot;0.07580916633799295-22&quot;,&quot;value&quot;:&quot;//span[@class=&apos;price&apos;]&quot;}
[WebDriverCommandLogger] - command: findChildElement[ param-1: By.xpath: //div[@class=&apos;preview&apos;] param-2: {&quot;using&quot;:&quot;xpath&quot;,&quot;id&quot;:&quot;0.07580916633799295-22&quot;,&quot;value&quot;:&quot;//span[@class=&apos;price&apos;]&quot;}] Result: findChildElement:id: 0.07580916633799295-48
[WebDriverCommandLogger] - Executing getElementText element: By.xpath: //span[@class=&apos;price&apos;] parameters: {&quot;id&quot;:&quot;0.07580916633799295-48&quot;}
[WebDriverCommandLogger] - command: getElementText[ param-1: By.xpath: //span[@class=&apos;price&apos;] param-2: {&quot;id&quot;:&quot;0.07580916633799295-48&quot;}] Result: getElementText:Rs. 300
[WebDriverCommandLogger] - Executing findChildElement element: By.xpath: //div[@class=&apos;preview&apos;] parameters: {&quot;using&quot;:&quot;xpath&quot;,&quot;id&quot;:&quot;0.07580916633799295-23&quot;,&quot;value&quot;:&quot;//span[@class=&apos;price&apos;]&quot;}
[WebDriverCommandLogger] - command: findChildElement[ param-1: By.xpath: //div[@class=&apos;preview&apos;] param-2: {&quot;using&quot;:&quot;xpath&quot;,&quot;id&quot;:&quot;0.07580916633799295-23&quot;,&quot;value&quot;:&quot;//span[@class=&apos;price&apos;]&quot;}] Result: findChildElement:id: 0.07580916633799295-48
[WebDriverCommandLogger] - Executing getElementText element: By.xpath: //span[@class=&apos;price&apos;] parameters: {&quot;id&quot;:&quot;0.07580916633799295-48&quot;}
[WebDriverCommandLogger] - command: getElementText[ param-1: By.xpath: //span[@class=&apos;price&apos;] param-2: {&quot;id&quot;:&quot;0.07580916633799295-48&quot;}] Result: getElementText:Rs. 300
[WebDriverCommandLogger] - Executing findChildElement element: By.xpath: //div[@class=&apos;preview&apos;] parameters: {&quot;using&quot;:&quot;xpath&quot;,&quot;id&quot;:&quot;0.07580916633799295-24&quot;,&quot;value&quot;:&quot;//span[@class=&apos;price&apos;]&quot;}
[WebDriverCommandLogger] - command: findChildElement[ param-1: By.xpath: //div[@class=&apos;preview&apos;] param-2: {&quot;using&quot;:&quot;xpath&quot;,&quot;id&quot;:&quot;0.07580916633799295-24&quot;,&quot;value&quot;:&quot;//span[@class=&apos;price&apos;]&quot;}] Result: findChildElement:id: 0.07580916633799295-48
[WebDriverCommandLogger] - Executing getElementText element: By.xpath: //span[@class=&apos;price&apos;] parameters: {&quot;id&quot;:&quot;0.07580916633799295-48&quot;}
[WebDriverCommandLogger] - command: getElementText[ param-1: By.xpath: //span[@class=&apos;price&apos;] param-2: {&quot;id&quot;:&quot;0.07580916633799295-48&quot;}] Result: getElementText:Rs. 300
[WebDriverCommandLogger] - Executing findChildElement element: By.xpath: //div[@class=&apos;preview&apos;] parameters: {&quot;using&quot;:&quot;xpath&quot;,&quot;id&quot;:&quot;0.07580916633799295-25&quot;,&quot;value&quot;:&quot;//span[@class=&apos;price&apos;]&quot;}
[WebDriverCommandLogger] - command: findChildElement[ param-1: By.xpath: //div[@class=&apos;preview&apos;] param-2: {&quot;using&quot;:&quot;xpath&quot;,&quot;id&quot;:&quot;0.07580916633799295-25&quot;,&quot;value&quot;:&quot;//span[@class=&apos;price&apos;]&quot;}] Result: findChildElement:id: 0.07580916633799295-48
[WebDriverCommandLogger] - Executing getElementText element: By.xpath: //span[@class=&apos;price&apos;] parameters: {&quot;id&quot;:&quot;0.07580916633799295-48&quot;}
[WebDriverCommandLogger] - command: getElementText[ param-1: By.xpath: //span[@class=&apos;price&apos;] param-2: {&quot;id&quot;:&quot;0.07580916633799295-48&quot;}] Result: getElementText:Rs. 300
[WebDriverCommandLogger] - Executing findChildElement element: By.xpath: //div[@class=&apos;preview&apos;] parameters: {&quot;using&quot;:&quot;xpath&quot;,&quot;id&quot;:&quot;0.07580916633799295-26&quot;,&quot;value&quot;:&quot;//span[@class=&apos;price&apos;]&quot;}
[WebDriverCommandLogger] - command: findChildElement[ param-1: By.xpath: //div[@class=&apos;preview&apos;] param-2: {&quot;using&quot;:&quot;xpath&quot;,&quot;id&quot;:&quot;0.07580916633799295-26&quot;,&quot;value&quot;:&quot;//span[@class=&apos;price&apos;]&quot;}] Result: findChildElement:id: 0.07580916633799295-48
[WebDriverCommandLogger] - Executing getElementText element: By.xpath: //span[@class=&apos;price&apos;] parameters: {&quot;id&quot;:&quot;0.07580916633799295-48&quot;}
[WebDriverCommandLogger] - command: getElementText[ param-1: By.xpath: //span[@class=&apos;price&apos;] param-2: {&quot;id&quot;:&quot;0.07580916633799295-48&quot;}] Result: getElementText:Rs. 300
[WebDriverCommandLogger] - Executing findChildElement element: By.xpath: //div[@class=&apos;preview&apos;] parameters: {&quot;using&quot;:&quot;xpath&quot;,&quot;id&quot;:&quot;0.07580916633799295-27&quot;,&quot;value&quot;:&quot;//span[@class=&apos;price&apos;]&quot;}
[WebDriverCommandLogger] - command: findChildElement[ param-1: By.xpath: //div[@class=&apos;preview&apos;] param-2: {&quot;using&quot;:&quot;xpath&quot;,&quot;id&quot;:&quot;0.07580916633799295-27&quot;,&quot;value&quot;:&quot;//span[@class=&apos;price&apos;]&quot;}] Result: findChildElement:id: 0.07580916633799295-48
[WebDriverCommandLogger] - Executing getElementText element: By.xpath: //span[@class=&apos;price&apos;] parameters: {&quot;id&quot;:&quot;0.07580916633799295-48&quot;}
[WebDriverCommandLogger] - command: getElementText[ param-1: By.xpath: //span[@class=&apos;price&apos;] param-2: {&quot;id&quot;:&quot;0.07580916633799295-48&quot;}] Result: getElementText:Rs. 300
[WebDriverCommandLogger] - Executing findChildElement element: By.xpath: //div[@class=&apos;preview&apos;] parameters: {&quot;using&quot;:&quot;xpath&quot;,&quot;id&quot;:&quot;0.07580916633799295-28&quot;,&quot;value&quot;:&quot;//span[@class=&apos;price&apos;]&quot;}
[WebDriverCommandLogger] - command: findChildElement[ param-1: By.xpath: //div[@class=&apos;preview&apos;] param-2: {&quot;using&quot;:&quot;xpath&quot;,&quot;id&quot;:&quot;0.07580916633799295-28&quot;,&quot;value&quot;:&quot;//span[@class=&apos;price&apos;]&quot;}] Result: findChildElement:id: 0.07580916633799295-48
[WebDriverCommandLogger] - Executing getElementText element: By.xpath: //span[@class=&apos;price&apos;] parameters: {&quot;id&quot;:&quot;0.07580916633799295-48&quot;}
[WebDriverCommandLogger] - command: getElementText[ param-1: By.xpath: //span[@class=&apos;price&apos;] param-2: {&quot;id&quot;:&quot;0.07580916633799295-48&quot;}] Result: getElementText:Rs. 300
[WebDriverCommandLogger] - Executing findChildElement element: By.xpath: //div[@class=&apos;preview&apos;] parameters: {&quot;using&quot;:&quot;xpath&quot;,&quot;id&quot;:&quot;0.07580916633799295-29&quot;,&quot;value&quot;:&quot;//span[@class=&apos;price&apos;]&quot;}
[WebDriverCommandLogger] - command: findChildElement[ param-1: By.xpath: //div[@class=&apos;preview&apos;] param-2: {&quot;using&quot;:&quot;xpath&quot;,&quot;id&quot;:&quot;0.07580916633799295-29&quot;,&quot;value&quot;:&quot;//span[@class=&apos;price&apos;]&quot;}] Result: findChildElement:id: 0.07580916633799295-48
[WebDriverCommandLogger] - Executing getElementText element: By.xpath: //span[@class=&apos;price&apos;] parameters: {&quot;id&quot;:&quot;0.07580916633799295-48&quot;}
[WebDriverCommandLogger] - command: getElementText[ param-1: By.xpath: //span[@class=&apos;price&apos;] param-2: {&quot;id&quot;:&quot;0.07580916633799295-48&quot;}] Result: getElementText:Rs. 300
[WebDriverCommandLogger] - Executing findChildElement element: By.xpath: //div[@class=&apos;preview&apos;] parameters: {&quot;using&quot;:&quot;xpath&quot;,&quot;id&quot;:&quot;0.07580916633799295-30&quot;,&quot;value&quot;:&quot;//span[@class=&apos;price&apos;]&quot;}
[WebDriverCommandLogger] - command: findChildElement[ param-1: By.xpath: //div[@class=&apos;preview&apos;] param-2: {&quot;using&quot;:&quot;xpath&quot;,&quot;id&quot;:&quot;0.07580916633799295-30&quot;,&quot;value&quot;:&quot;//span[@class=&apos;price&apos;]&quot;}] Result: findChildElement:id: 0.07580916633799295-48
[WebDriverCommandLogger] - Executing getElementText element: By.xpath: //span[@class=&apos;price&apos;] parameters: {&quot;id&quot;:&quot;0.07580916633799295-48&quot;}
[WebDriverCommandLogger] - command: getElementText[ param-1: By.xpath: //span[@class=&apos;price&apos;] param-2: {&quot;id&quot;:&quot;0.07580916633799295-48&quot;}] Result: getElementText:Rs. 300
[WebDriverCommandLogger] - Executing findChildElement element: By.xpath: //div[@class=&apos;preview&apos;] parameters: {&quot;using&quot;:&quot;xpath&quot;,&quot;id&quot;:&quot;0.07580916633799295-31&quot;,&quot;value&quot;:&quot;//span[@class=&apos;price&apos;]&quot;}
[WebDriverCommandLogger] - command: findChildElement[ param-1: By.xpath: //div[@class=&apos;preview&apos;] param-2: {&quot;using&quot;:&quot;xpath&quot;,&quot;id&quot;:&quot;0.07580916633799295-31&quot;,&quot;value&quot;:&quot;//span[@class=&apos;price&apos;]&quot;}] Result: findChildElement:id: 0.07580916633799295-48
[WebDriverCommandLogger] - Executing getElementText element: By.xpath: //span[@class=&apos;price&apos;] parameters: {&quot;id&quot;:&quot;0.07580916633799295-48&quot;}
[WebDriverCommandLogger] - command: getElementText[ param-1: By.xpath: //span[@class=&apos;price&apos;] param-2: {&quot;id&quot;:&quot;0.07580916633799295-48&quot;}] Result: getElementText:Rs. 300
[WebDriverCommandLogger] - Executing findChildElement element: By.xpath: //div[@class=&apos;preview&apos;] parameters: {&quot;using&quot;:&quot;xpath&quot;,&quot;id&quot;:&quot;0.07580916633799295-32&quot;,&quot;value&quot;:&quot;//span[@class=&apos;price&apos;]&quot;}
[WebDriverCommandLogger] - command: findChildElement[ param-1: By.xpath: //div[@class=&apos;preview&apos;] param-2: {&quot;using&quot;:&quot;xpath&quot;,&quot;id&quot;:&quot;0.07580916633799295-32&quot;,&quot;value&quot;:&quot;//span[@class=&apos;price&apos;]&quot;}] Result: findChildElement:id: 0.07580916633799295-48
[WebDriverCommandLogger] - Executing getElementText element: By.xpath: //span[@class=&apos;price&apos;] parameters: {&quot;id&quot;:&quot;0.07580916633799295-48&quot;}
[WebDriverCommandLogger] - command: getElementText[ param-1: By.xpath: //span[@class=&apos;price&apos;] param-2: {&quot;id&quot;:&quot;0.07580916633799295-48&quot;}] Result: getElementText:Rs. 300
[WebDriverCommandLogger] - Executing findChildElement element: By.xpath: //div[@class=&apos;preview&apos;] parameters: {&quot;using&quot;:&quot;xpath&quot;,&quot;id&quot;:&quot;0.07580916633799295-33&quot;,&quot;value&quot;:&quot;//span[@class=&apos;price&apos;]&quot;}
[WebDriverCommandLogger] - command: findChildElement[ param-1: By.xpath: //div[@class=&apos;preview&apos;] param-2: {&quot;using&quot;:&quot;xpath&quot;,&quot;id&quot;:&quot;0.07580916633799295-33&quot;,&quot;value&quot;:&quot;//span[@class=&apos;price&apos;]&quot;}] Result: findChildElement:id: 0.07580916633799295-48
[WebDriverCommandLogger] - Executing getElementText element: By.xpath: //span[@class=&apos;price&apos;] parameters: {&quot;id&quot;:&quot;0.07580916633799295-48&quot;}
[WebDriverCommandLogger] - command: getElementText[ param-1: By.xpath: //span[@class=&apos;price&apos;] param-2: {&quot;id&quot;:&quot;0.07580916633799295-48&quot;}] Result: getElementText:Rs. 300
[WebDriverCommandLogger] - Executing findChildElement element: By.xpath: //div[@class=&apos;preview&apos;] parameters: {&quot;using&quot;:&quot;xpath&quot;,&quot;id&quot;:&quot;0.07580916633799295-34&quot;,&quot;value&quot;:&quot;//span[@class=&apos;price&apos;]&quot;}
[WebDriverCommandLogger] - command: findChildElement[ param-1: By.xpath: //div[@class=&apos;preview&apos;] param-2: {&quot;using&quot;:&quot;xpath&quot;,&quot;id&quot;:&quot;0.07580916633799295-34&quot;,&quot;value&quot;:&quot;//span[@class=&apos;price&apos;]&quot;}] Result: findChildElement:id: 0.07580916633799295-48
[WebDriverCommandLogger] - Executing getElementText element: By.xpath: //span[@class=&apos;price&apos;] parameters: {&quot;id&quot;:&quot;0.07580916633799295-48&quot;}
[WebDriverCommandLogger] - command: getElementText[ param-1: By.xpath: //span[@class=&apos;price&apos;] param-2: {&quot;id&quot;:&quot;0.07580916633799295-48&quot;}] Result: getElementText:Rs. 300
[WebDriverCommandLogger] - Executing findChildElement element: By.xpath: //div[@class=&apos;preview&apos;] parameters: {&quot;using&quot;:&quot;xpath&quot;,&quot;id&quot;:&quot;0.07580916633799295-35&quot;,&quot;value&quot;:&quot;//span[@class=&apos;price&apos;]&quot;}
[WebDriverCommandLogger] - command: findChildElement[ param-1: By.xpath: //div[@class=&apos;preview&apos;] param-2: {&quot;using&quot;:&quot;xpath&quot;,&quot;id&quot;:&quot;0.07580916633799295-35&quot;,&quot;value&quot;:&quot;//span[@class=&apos;price&apos;]&quot;}] Result: findChildElement:id: 0.07580916633799295-48
[WebDriverCommandLogger] - Executing getElementText element: By.xpath: //span[@class=&apos;price&apos;] parameters: {&quot;id&quot;:&quot;0.07580916633799295-48&quot;}
[WebDriverCommandLogger] - command: getElementText[ param-1: By.xpath: //span[@class=&apos;price&apos;] param-2: {&quot;id&quot;:&quot;0.07580916633799295-48&quot;}] Result: getElementText:Rs. 300
[WebDriverCommandLogger] - Executing findChildElement element: By.xpath: //div[@class=&apos;preview&apos;] parameters: {&quot;using&quot;:&quot;xpath&quot;,&quot;id&quot;:&quot;0.07580916633799295-36&quot;,&quot;value&quot;:&quot;//span[@class=&apos;price&apos;]&quot;}
[WebDriverCommandLogger] - command: findChildElement[ param-1: By.xpath: //div[@class=&apos;preview&apos;] param-2: {&quot;using&quot;:&quot;xpath&quot;,&quot;id&quot;:&quot;0.07580916633799295-36&quot;,&quot;value&quot;:&quot;//span[@class=&apos;price&apos;]&quot;}] Result: findChildElement:id: 0.07580916633799295-48
[WebDriverCommandLogger] - Executing getElementText element: By.xpath: //span[@class=&apos;price&apos;] parameters: {&quot;id&quot;:&quot;0.07580916633799295-48&quot;}
[WebDriverCommandLogger] - command: getElementText[ param-1: By.xpath: //span[@class=&apos;price&apos;] param-2: {&quot;id&quot;:&quot;0.07580916633799295-48&quot;}] Result: getElementText:Rs. 300
[WebDriverCommandLogger] - Executing findChildElement element: By.xpath: //div[@class=&apos;preview&apos;] parameters: {&quot;using&quot;:&quot;xpath&quot;,&quot;id&quot;:&quot;0.07580916633799295-37&quot;,&quot;value&quot;:&quot;//span[@class=&apos;price&apos;]&quot;}
[WebDriverCommandLogger] - command: findChildElement[ param-1: By.xpath: //div[@class=&apos;preview&apos;] param-2: {&quot;using&quot;:&quot;xpath&quot;,&quot;id&quot;:&quot;0.07580916633799295-37&quot;,&quot;value&quot;:&quot;//span[@class=&apos;price&apos;]&quot;}] Result: findChildElement:id: 0.07580916633799295-48
[WebDriverCommandLogger] - Executing getElementText element: By.xpath: //span[@class=&apos;price&apos;] parameters: {&quot;id&quot;:&quot;0.07580916633799295-48&quot;}
[WebDriverCommandLogger] - command: getElementText[ param-1: By.xpath: //span[@class=&apos;price&apos;] param-2: {&quot;id&quot;:&quot;0.07580916633799295-48&quot;}] Result: getElementText:Rs. 300
[WebDriverCommandLogger] - Executing findChildElement element: By.xpath: //div[@class=&apos;preview&apos;] parameters: {&quot;using&quot;:&quot;xpath&quot;,&quot;id&quot;:&quot;0.07580916633799295-38&quot;,&quot;value&quot;:&quot;//span[@class=&apos;price&apos;]&quot;}
[WebDriverCommandLogger] - command: findChildElement[ param-1: By.xpath: //div[@class=&apos;preview&apos;] param-2: {&quot;using&quot;:&quot;xpath&quot;,&quot;id&quot;:&quot;0.07580916633799295-38&quot;,&quot;value&quot;:&quot;//span[@class=&apos;price&apos;]&quot;}] Result: findChildElement:id: 0.07580916633799295-48
[WebDriverCommandLogger] - Executing getElementText element: By.xpath: //span[@class=&apos;price&apos;] parameters: {&quot;id&quot;:&quot;0.07580916633799295-48&quot;}
[WebDriverCommandLogger] - command: getElementText[ param-1: By.xpath: //span[@class=&apos;price&apos;] param-2: {&quot;id&quot;:&quot;0.07580916633799295-48&quot;}] Result: getElementText:Rs. 300
[WebDriverCommandLogger] - Executing findChildElement element: By.xpath: //div[@class=&apos;preview&apos;] parameters: {&quot;using&quot;:&quot;xpath&quot;,&quot;id&quot;:&quot;0.07580916633799295-39&quot;,&quot;value&quot;:&quot;//span[@class=&apos;price&apos;]&quot;}
[WebDriverCommandLogger] - command: findChildElement[ param-1: By.xpath: //div[@class=&apos;preview&apos;] param-2: {&quot;using&quot;:&quot;xpath&quot;,&quot;id&quot;:&quot;0.07580916633799295-39&quot;,&quot;value&quot;:&quot;//span[@class=&apos;price&apos;]&quot;}] Result: findChildElement:id: 0.07580916633799295-48
[WebDriverCommandLogger] - Executing getElementText element: By.xpath: //span[@class=&apos;price&apos;] parameters: {&quot;id&quot;:&quot;0.07580916633799295-48&quot;}
[WebDriverCommandLogger] - command: getElementText[ param-1: By.xpath: //span[@class=&apos;price&apos;] param-2: {&quot;id&quot;:&quot;0.07580916633799295-48&quot;}] Result: getElementText:Rs. 300
[WebDriverCommandLogger] - Executing findChildElement element: By.xpath: //div[@class=&apos;preview&apos;] parameters: {&quot;using&quot;:&quot;xpath&quot;,&quot;id&quot;:&quot;0.07580916633799295-40&quot;,&quot;value&quot;:&quot;//span[@class=&apos;price&apos;]&quot;}
[WebDriverCommandLogger] - command: findChildElement[ param-1: By.xpath: //div[@class=&apos;preview&apos;] param-2: {&quot;using&quot;:&quot;xpath&quot;,&quot;id&quot;:&quot;0.07580916633799295-40&quot;,&quot;value&quot;:&quot;//span[@class=&apos;price&apos;]&quot;}] Result: findChildElement:id: 0.07580916633799295-48
[WebDriverCommandLogger] - Executing getElementText element: By.xpath: //span[@class=&apos;price&apos;] parameters: {&quot;id&quot;:&quot;0.07580916633799295-48&quot;}
[WebDriverCommandLogger] - command: getElementText[ param-1: By.xpath: //span[@class=&apos;price&apos;] param-2: {&quot;id&quot;:&quot;0.07580916633799295-48&quot;}] Result: getElementText:Rs. 300
[WebDriverCommandLogger] - Executing findChildElement element: By.xpath: //div[@class=&apos;preview&apos;] parameters: {&quot;using&quot;:&quot;xpath&quot;,&quot;id&quot;:&quot;0.07580916633799295-41&quot;,&quot;value&quot;:&quot;//span[@class=&apos;price&apos;]&quot;}
[WebDriverCommandLogger] - command: findChildElement[ param-1: By.xpath: //div[@class=&apos;preview&apos;] param-2: {&quot;using&quot;:&quot;xpath&quot;,&quot;id&quot;:&quot;0.07580916633799295-41&quot;,&quot;value&quot;:&quot;//span[@class=&apos;price&apos;]&quot;}] Result: findChildElement:id: 0.07580916633799295-48
[WebDriverCommandLogger] - Executing getElementText element: By.xpath: //span[@class=&apos;price&apos;] parameters: {&quot;id&quot;:&quot;0.07580916633799295-48&quot;}
[WebDriverCommandLogger] - command: getElementText[ param-1: By.xpath: //span[@class=&apos;price&apos;] param-2: {&quot;id&quot;:&quot;0.07580916633799295-48&quot;}] Result: getElementText:Rs. 300
[WebDriverCommandLogger] - Executing findChildElement element: By.xpath: //div[@class=&apos;preview&apos;] parameters: {&quot;using&quot;:&quot;xpath&quot;,&quot;id&quot;:&quot;0.07580916633799295-42&quot;,&quot;value&quot;:&quot;//span[@class=&apos;price&apos;]&quot;}
[WebDriverCommandLogger] - command: findChildElement[ param-1: By.xpath: //div[@class=&apos;preview&apos;] param-2: {&quot;using&quot;:&quot;xpath&quot;,&quot;id&quot;:&quot;0.07580916633799295-42&quot;,&quot;value&quot;:&quot;//span[@class=&apos;price&apos;]&quot;}] Result: findChildElement:id: 0.07580916633799295-48
[WebDriverCommandLogger] - Executing getElementText element: By.xpath: //span[@class=&apos;price&apos;] parameters: {&quot;id&quot;:&quot;0.07580916633799295-48&quot;}
[WebDriverCommandLogger] - command: getElementText[ param-1: By.xpath: //span[@class=&apos;price&apos;] param-2: {&quot;id&quot;:&quot;0.07580916633799295-48&quot;}] Result: getElementText:Rs. 300
[WebDriverCommandLogger] - Executing findChildElement element: By.xpath: //div[@class=&apos;preview&apos;] parameters: {&quot;using&quot;:&quot;xpath&quot;,&quot;id&quot;:&quot;0.07580916633799295-43&quot;,&quot;value&quot;:&quot;//span[@class=&apos;price&apos;]&quot;}
[WebDriverCommandLogger] - command: findChildElement[ param-1: By.xpath: //div[@class=&apos;preview&apos;] param-2: {&quot;using&quot;:&quot;xpath&quot;,&quot;id&quot;:&quot;0.07580916633799295-43&quot;,&quot;value&quot;:&quot;//span[@class=&apos;price&apos;]&quot;}] Result: findChildElement:id: 0.07580916633799295-48
[WebDriverCommandLogger] - Executing getElementText element: By.xpath: //span[@class=&apos;price&apos;] parameters: {&quot;id&quot;:&quot;0.07580916633799295-48&quot;}
[WebDriverCommandLogger] - command: getElementText[ param-1: By.xpath: //span[@class=&apos;price&apos;] param-2: {&quot;id&quot;:&quot;0.07580916633799295-48&quot;}] Result: getElementText:Rs. 300
[WebDriverCommandLogger] - Executing findChildElement element: By.xpath: //div[@class=&apos;preview&apos;] parameters: {&quot;using&quot;:&quot;xpath&quot;,&quot;id&quot;:&quot;0.07580916633799295-44&quot;,&quot;value&quot;:&quot;//span[@class=&apos;price&apos;]&quot;}
[WebDriverCommandLogger] - command: findChildElement[ param-1: By.xpath: //div[@class=&apos;preview&apos;] param-2: {&quot;using&quot;:&quot;xpath&quot;,&quot;id&quot;:&quot;0.07580916633799295-44&quot;,&quot;value&quot;:&quot;//span[@class=&apos;price&apos;]&quot;}] Result: findChildElement:id: 0.07580916633799295-48
[WebDriverCommandLogger] - Executing getElementText element: By.xpath: //span[@class=&apos;price&apos;] parameters: {&quot;id&quot;:&quot;0.07580916633799295-48&quot;}
[WebDriverCommandLogger] - command: getElementText[ param-1: By.xpath: //span[@class=&apos;price&apos;] param-2: {&quot;id&quot;:&quot;0.07580916633799295-48&quot;}] Result: getElementText:Rs. 300
[WebDriverCommandLogger] - Executing findChildElement element: By.xpath: //div[@class=&apos;preview&apos;] parameters: {&quot;using&quot;:&quot;xpath&quot;,&quot;id&quot;:&quot;0.07580916633799295-45&quot;,&quot;value&quot;:&quot;//span[@class=&apos;price&apos;]&quot;}
[WebDriverCommandLogger] - command: findChildElement[ param-1: By.xpath: //div[@class=&apos;preview&apos;] param-2: {&quot;using&quot;:&quot;xpath&quot;,&quot;id&quot;:&quot;0.07580916633799295-45&quot;,&quot;value&quot;:&quot;//span[@class=&apos;price&apos;]&quot;}] Result: findChildElement:id: 0.07580916633799295-48
[WebDriverCommandLogger] - Executing getElementText element: By.xpath: //span[@class=&apos;price&apos;] parameters: {&quot;id&quot;:&quot;0.07580916633799295-48&quot;}
[WebDriverCommandLogger] - command: getElementText[ param-1: By.xpath: //span[@class=&apos;price&apos;] param-2: {&quot;id&quot;:&quot;0.07580916633799295-48&quot;}] Result: getElementText:Rs. 300
[WebDriverCommandLogger] - Executing findElements parameters: {&quot;using&quot;:&quot;xpath&quot;,&quot;value&quot;:&quot;//div[@class=&apos;preview&apos;]&quot;}
[WebDriverCommandLogger] - command: findElements[ param-1: {value=//div[@class=&apos;preview&apos;], using=xpath}] Result: [id: 0.07580916633799295-1, id: 0.07580916633799295-2, id: 0.07580916633799295-3, id: 0.07580916633799295-4, id: 0.07580916633799295-5, id: 0.07580916633799295-6, id: 0.07580916633799295-7, id: 0.07580916633799295-8, id: 0.07580916633799295-9, id: 0.07580916633799295-10, id: 0.07580916633799295-11, id: 0.07580916633799295-12, id: 0.07580916633799295-13, id: 0.07580916633799295-14, id: 0.07580916633799295-15, id: 0.07580916633799295-16, id: 0.07580916633799295-17, id: 0.07580916633799295-18, id: 0.07580916633799295-19, id: 0.07580916633799295-20, id: 0.07580916633799295-21, id: 0.07580916633799295-22, id: 0.07580916633799295-23, id: 0.07580916633799295-24, id: 0.07580916633799295-25, id: 0.07580916633799295-26, id: 0.07580916633799295-27, id: 0.07580916633799295-28, id: 0.07580916633799295-29, id: 0.07580916633799295-30, id: 0.07580916633799295-31, id: 0.07580916633799295-32, id: 0.07580916633799295-33, id: 0.07580916633799295-34, id: 0.07580916633799295-35, id: 0.07580916633799295-36, id: 0.07580916633799295-37, id: 0.07580916633799295-38, id: 0.07580916633799295-39, id: 0.07580916633799295-40, id: 0.07580916633799295-41, id: 0.07580916633799295-42, id: 0.07580916633799295-43, id: 0.07580916633799295-44, id: 0.07580916633799295-45]
[WebDriverCommandLogger] - Executing findChildElement element: By.xpath: //div[@class=&apos;preview&apos;] parameters: {&quot;using&quot;:&quot;xpath&quot;,&quot;id&quot;:&quot;0.07580916633799295-1&quot;,&quot;value&quot;:&quot;//span[@class=&apos;price&apos;]&quot;}
[WebDriverCommandLogger] - command: findChildElement[ param-1: By.xpath: //div[@class=&apos;preview&apos;] param-2: {&quot;using&quot;:&quot;xpath&quot;,&quot;id&quot;:&quot;0.07580916633799295-1&quot;,&quot;value&quot;:&quot;//span[@class=&apos;price&apos;]&quot;}] Result: findChildElement:id: 0.07580916633799295-48
[WebDriverCommandLogger] - Executing getElementText element: By.xpath: //span[@class=&apos;price&apos;] parameters: {&quot;id&quot;:&quot;0.07580916633799295-48&quot;}
[WebDriverCommandLogger] - command: getElementText[ param-1: By.xpath: //span[@class=&apos;price&apos;] param-2: {&quot;id&quot;:&quot;0.07580916633799295-48&quot;}] Result: getElementText:Rs. 300
300 It is sorted 
[WebDriverCommandLogger] - Executing findElements parameters: {&quot;using&quot;:&quot;xpath&quot;,&quot;value&quot;:&quot;//div[@class=&apos;preview&apos;]&quot;}
[WebDriverCommandLogger] - command: findElements[ param-1: {value=//div[@class=&apos;preview&apos;], using=xpath}] Result: [id: 0.07580916633799295-1, id: 0.07580916633799295-2, id: 0.07580916633799295-3, id: 0.07580916633799295-4, id: 0.07580916633799295-5, id: 0.07580916633799295-6, id: 0.07580916633799295-7, id: 0.07580916633799295-8, id: 0.07580916633799295-9, id: 0.07580916633799295-10, id: 0.07580916633799295-11, id: 0.07580916633799295-12, id: 0.07580916633799295-13, id: 0.07580916633799295-14, id: 0.07580916633799295-15, id: 0.07580916633799295-16, id: 0.07580916633799295-17, id: 0.07580916633799295-18, id: 0.07580916633799295-19, id: 0.07580916633799295-20, id: 0.07580916633799295-21, id: 0.07580916633799295-22, id: 0.07580916633799295-23, id: 0.07580916633799295-24, id: 0.07580916633799295-25, id: 0.07580916633799295-26, id: 0.07580916633799295-27, id: 0.07580916633799295-28, id: 0.07580916633799295-29, id: 0.07580916633799295-30, id: 0.07580916633799295-31, id: 0.07580916633799295-32, id: 0.07580916633799295-33, id: 0.07580916633799295-34, id: 0.07580916633799295-35, id: 0.07580916633799295-36, id: 0.07580916633799295-37, id: 0.07580916633799295-38, id: 0.07580916633799295-39, id: 0.07580916633799295-40, id: 0.07580916633799295-41, id: 0.07580916633799295-42, id: 0.07580916633799295-43, id: 0.07580916633799295-44, id: 0.07580916633799295-45]
[WebDriverCommandLogger] - Executing findChildElement element: By.xpath: //div[@class=&apos;preview&apos;] parameters: {&quot;using&quot;:&quot;xpath&quot;,&quot;id&quot;:&quot;0.07580916633799295-2&quot;,&quot;value&quot;:&quot;//div[@class=&apos;brand&apos;]&quot;}
[WebDriverCommandLogger] - command: findChildElement[ param-1: By.xpath: //div[@class=&apos;preview&apos;] param-2: {&quot;using&quot;:&quot;xpath&quot;,&quot;id&quot;:&quot;0.07580916633799295-2&quot;,&quot;value&quot;:&quot;//div[@class=&apos;brand&apos;]&quot;}] Result: findChildElement:id: 0.07580916633799295-49
[WebDriverCommandLogger] - Executing getElementText element: By.xpath: //div[@class=&apos;brand&apos;] parameters: {&quot;id&quot;:&quot;0.07580916633799295-49&quot;}
[WebDriverCommandLogger] - command: getElementText[ param-1: By.xpath: //div[@class=&apos;brand&apos;] param-2: {&quot;id&quot;:&quot;0.07580916633799295-49&quot;}] Result: getElementText:NETWORK
[WebDriverCommandLogger] - Executing findElements parameters: {&quot;using&quot;:&quot;xpath&quot;,&quot;value&quot;:&quot;//div[@class=&apos;preview&apos;]&quot;}
[WebDriverCommandLogger] - command: findElements[ param-1: {value=//div[@class=&apos;preview&apos;], using=xpath}] Result: [id: 0.07580916633799295-1, id: 0.07580916633799295-2, id: 0.07580916633799295-3, id: 0.07580916633799295-4, id: 0.07580916633799295-5, id: 0.07580916633799295-6, id: 0.07580916633799295-7, id: 0.07580916633799295-8, id: 0.07580916633799295-9, id: 0.07580916633799295-10, id: 0.07580916633799295-11, id: 0.07580916633799295-12, id: 0.07580916633799295-13, id: 0.07580916633799295-14, id: 0.07580916633799295-15, id: 0.07580916633799295-16, id: 0.07580916633799295-17, id: 0.07580916633799295-18, id: 0.07580916633799295-19, id: 0.07580916633799295-20, id: 0.07580916633799295-21, id: 0.07580916633799295-22, id: 0.07580916633799295-23, id: 0.07580916633799295-24, id: 0.07580916633799295-25, id: 0.07580916633799295-26, id: 0.07580916633799295-27, id: 0.07580916633799295-28, id: 0.07580916633799295-29, id: 0.07580916633799295-30, id: 0.07580916633799295-31, id: 0.07580916633799295-32, id: 0.07580916633799295-33, id: 0.07580916633799295-34, id: 0.07580916633799295-35, id: 0.07580916633799295-36, id: 0.07580916633799295-37, id: 0.07580916633799295-38, id: 0.07580916633799295-39, id: 0.07580916633799295-40, id: 0.07580916633799295-41, id: 0.07580916633799295-42, id: 0.07580916633799295-43, id: 0.07580916633799295-44, id: 0.07580916633799295-45]
[WebDriverCommandLogger] - Executing findChildElement element: By.xpath: //div[@class=&apos;preview&apos;] parameters: {&quot;using&quot;:&quot;xpath&quot;,&quot;id&quot;:&quot;0.07580916633799295-2&quot;,&quot;value&quot;:&quot;//div[@class=&apos;name&apos;]&quot;}
[WebDriverCommandLogger] - command: findChildElement[ param-1: By.xpath: //div[@class=&apos;preview&apos;] param-2: {&quot;using&quot;:&quot;xpath&quot;,&quot;id&quot;:&quot;0.07580916633799295-2&quot;,&quot;value&quot;:&quot;//div[@class=&apos;name&apos;]&quot;}] Result: findChildElement:id: 0.07580916633799295-50
[WebDriverCommandLogger] - Executing getElementText element: By.xpath: //div[@class=&apos;name&apos;] parameters: {&quot;id&quot;:&quot;0.07580916633799295-50&quot;}
[WebDriverCommandLogger] - command: getElementText[ param-1: By.xpath: //div[@class=&apos;name&apos;] param-2: {&quot;id&quot;:&quot;0.07580916633799295-50&quot;}] Result: getElementText:Fil-a-Fil Shirt with Patch Pocket
[WebDriverCommandLogger] - Executing findElements parameters: {&quot;using&quot;:&quot;xpath&quot;,&quot;value&quot;:&quot;//div[@class=&apos;preview&apos;]&quot;}
[WebDriverCommandLogger] - command: findElements[ param-1: {value=//div[@class=&apos;preview&apos;], using=xpath}] Result: [id: 0.07580916633799295-1, id: 0.07580916633799295-2, id: 0.07580916633799295-3, id: 0.07580916633799295-4, id: 0.07580916633799295-5, id: 0.07580916633799295-6, id: 0.07580916633799295-7, id: 0.07580916633799295-8, id: 0.07580916633799295-9, id: 0.07580916633799295-10, id: 0.07580916633799295-11, id: 0.07580916633799295-12, id: 0.07580916633799295-13, id: 0.07580916633799295-14, id: 0.07580916633799295-15, id: 0.07580916633799295-16, id: 0.07580916633799295-17, id: 0.07580916633799295-18, id: 0.07580916633799295-19, id: 0.07580916633799295-20, id: 0.07580916633799295-21, id: 0.07580916633799295-22, id: 0.07580916633799295-23, id: 0.07580916633799295-24, id: 0.07580916633799295-25, id: 0.07580916633799295-26, id: 0.07580916633799295-27, id: 0.07580916633799295-28, id: 0.07580916633799295-29, id: 0.07580916633799295-30, id: 0.07580916633799295-31, id: 0.07580916633799295-32, id: 0.07580916633799295-33, id: 0.07580916633799295-34, id: 0.07580916633799295-35, id: 0.07580916633799295-36, id: 0.07580916633799295-37, id: 0.07580916633799295-38, id: 0.07580916633799295-39, id: 0.07580916633799295-40, id: 0.07580916633799295-41, id: 0.07580916633799295-42, id: 0.07580916633799295-43, id: 0.07580916633799295-44, id: 0.07580916633799295-45]
[WebDriverCommandLogger] - Executing findChildElement element: By.xpath: //div[@class=&apos;preview&apos;] parameters: {&quot;using&quot;:&quot;xpath&quot;,&quot;id&quot;:&quot;0.07580916633799295-2&quot;,&quot;value&quot;:&quot;//span[@class=&apos;price&apos;]&quot;}
[WebDriverCommandLogger] - command: findChildElement[ param-1: By.xpath: //div[@class=&apos;preview&apos;] param-2: {&quot;using&quot;:&quot;xpath&quot;,&quot;id&quot;:&quot;0.07580916633799295-2&quot;,&quot;value&quot;:&quot;//span[@class=&apos;price&apos;]&quot;}] Result: findChildElement:id: 0.07580916633799295-48
[WebDriverCommandLogger] - Executing getElementText element: By.xpath: //span[@class=&apos;price&apos;] parameters: {&quot;id&quot;:&quot;0.07580916633799295-48&quot;}
[WebDriverCommandLogger] - command: getElementText[ param-1: By.xpath: //span[@class=&apos;price&apos;] param-2: {&quot;id&quot;:&quot;0.07580916633799295-48&quot;}] Result: getElementText:Rs. 300
[WebDriverCommandLogger] - Executing findElements parameters: {&quot;using&quot;:&quot;xpath&quot;,&quot;value&quot;:&quot;//div[@class=&apos;preview&apos;]&quot;}
[WebDriverCommandLogger] - command: findElements[ param-1: {value=//div[@class=&apos;preview&apos;], using=xpath}] Result: [id: 0.07580916633799295-1, id: 0.07580916633799295-2, id: 0.07580916633799295-3, id: 0.07580916633799295-4, id: 0.07580916633799295-5, id: 0.07580916633799295-6, id: 0.07580916633799295-7, id: 0.07580916633799295-8, id: 0.07580916633799295-9, id: 0.07580916633799295-10, id: 0.07580916633799295-11, id: 0.07580916633799295-12, id: 0.07580916633799295-13, id: 0.07580916633799295-14, id: 0.07580916633799295-15, id: 0.07580916633799295-16, id: 0.07580916633799295-17, id: 0.07580916633799295-18, id: 0.07580916633799295-19, id: 0.07580916633799295-20, id: 0.07580916633799295-21, id: 0.07580916633799295-22, id: 0.07580916633799295-23, id: 0.07580916633799295-24, id: 0.07580916633799295-25, id: 0.07580916633799295-26, id: 0.07580916633799295-27, id: 0.07580916633799295-28, id: 0.07580916633799295-29, id: 0.07580916633799295-30, id: 0.07580916633799295-31, id: 0.07580916633799295-32, id: 0.07580916633799295-33, id: 0.07580916633799295-34, id: 0.07580916633799295-35, id: 0.07580916633799295-36, id: 0.07580916633799295-37, id: 0.07580916633799295-38, id: 0.07580916633799295-39, id: 0.07580916633799295-40, id: 0.07580916633799295-41, id: 0.07580916633799295-42, id: 0.07580916633799295-43, id: 0.07580916633799295-44, id: 0.07580916633799295-45]
[WebDriverCommandLogger] - Executing findChildElement element: By.xpath: //div[@class=&apos;preview&apos;] parameters: {&quot;using&quot;:&quot;xpath&quot;,&quot;id&quot;:&quot;0.07580916633799295-2&quot;,&quot;value&quot;:&quot;//div[@class=&apos;name&apos;]&quot;}
[WebDriverCommandLogger] - command: findChildElement[ param-1: By.xpath: //div[@class=&apos;preview&apos;] param-2: {&quot;using&quot;:&quot;xpath&quot;,&quot;id&quot;:&quot;0.07580916633799295-2&quot;,&quot;value&quot;:&quot;//div[@class=&apos;name&apos;]&quot;}] Result: findChildElement:id: 0.07580916633799295-50
[WebDriverCommandLogger] - Executing executeScript parameters: {&quot;args&quot;:[{&quot;element-6066-11e4-a52e-4f735466cecf&quot;:&quot;0.07580916633799295-50&quot;,&quot;ELEMENT&quot;:&quot;0.07580916633799295-50&quot;}],&quot;script&quot;:&quot;arguments[0].click()&quot;}
[WebDriverCommandLogger] - command: executeScript[ param-1: {args=[{ELEMENT=0.07580916633799295-50, element-6066-11e4-a52e-4f735466cecf=0.07580916633799295-50}], script=arguments[0].click()}] Result: timeout
  (Session info: chrome=63.0.3239.132)
  (Driver info: chromedriver=2.33.506120 (e3e53437346286c0bc2d2dc9aa4915ba81d9023f),platform=Windows NT 10.0.10586 x86_64) (WARNING: The server did not provide any stacktrace information)
Command duration or timeout: 300.05 seconds
Build info: version: &apos;2.53.0&apos;, revision: &apos;35ae25b1534ae328c771e0856c93e187490ca824&apos;, time: &apos;2016-03-15 10:43:46&apos;
System info: host: &apos;ICPL11500&apos;, ip: &apos;10.11.31.133&apos;, os.name: &apos;Windows 10&apos;, os.arch: &apos;amd64&apos;, os.version: &apos;10.0&apos;, java.version: &apos;1.8.0_151&apos;
Driver info: com.qmetry.qaf.automation.ui.webdriver.QAFExtendedWebDriver
Capabilities [{applicationCacheEnabled=false, rotatable=false, mobileEmulationEnabled=false, networkConnectionEnabled=false, chrome={chromedriverVersion=2.33.506120 (e3e53437346286c0bc2d2dc9aa4915ba81d9023f), userDataDir=C:\Users\YESHWA~1.KUM\AppData\Local\Temp\scoped_dir5700_24795}, takesHeapSnapshot=true, pageLoadStrategy=normal, databaseEnabled=false, handlesAlerts=true, hasTouchScreen=false, version=63.0.3239.132, platform=XP, browserConnectionEnabled=false, nativeEvents=true, acceptSslCerts=true, locationContextEnabled=true, webStorageEnabled=true, browserName=chrome, takesScreenshot=true, javascriptEnabled=true, cssSelectorsEnabled=true, setWindowRect=true, unexpectedAlertBehaviour=}]
Session ID: 9f4ee3447f6239737a03f1cde2dfb323
[QAFInvokedMethodListener2] - org.openqa.selenium.TimeoutException: timeout
  (Session info: chrome=63.0.3239.132)
  (Driver info: chromedriver=2.33.506120 (e3e53437346286c0bc2d2dc9aa4915ba81d9023f),platform=Windows NT 10.0.10586 x86_64) (WARNING: The server did not provide any stacktrace information)
Command duration or timeout: 300.05 seconds
Build info: version: &apos;2.53.0&apos;, revision: &apos;35ae25b1534ae328c771e0856c93e187490ca824&apos;, time: &apos;2016-03-15 10:43:46&apos;
System info: host: &apos;ICPL11500&apos;, ip: &apos;10.11.31.133&apos;, os.name: &apos;Windows 10&apos;, os.arch: &apos;amd64&apos;, os.version: &apos;10.0&apos;, java.version: &apos;1.8.0_151&apos;
Driver info: com.qmetry.qaf.automation.ui.webdriver.QAFExtendedWebDriver
Capabilities [{applicationCacheEnabled=false, rotatable=false, mobileEmulationEnabled=false, networkConnectionEnabled=false, chrome={chromedriverVersion=2.33.506120 (e3e53437346286c0bc2d2dc9aa4915ba81d9023f), userDataDir=C:\Users\YESHWA~1.KUM\AppData\Local\Temp\scoped_dir5700_24795}, takesHeapSnapshot=true, pageLoadStrategy=normal, databaseEnabled=false, handlesAlerts=true, hasTouchScreen=false, version=63.0.3239.132, platform=XP, browserConnectionEnabled=false, nativeEvents=true, acceptSslCerts=true, locationContextEnabled=true, webStorageEnabled=true, browserName=chrome, takesScreenshot=true, javascriptEnabled=true, cssSelectorsEnabled=true, setWindowRect=true, unexpectedAlertBehaviour=}]
Session ID: 9f4ee3447f6239737a03f1cde2dfb323
[WebDriverCommandLogger] - Executing screenshot parameters: {}
[QAFTestBase] - Capturing screen shotverifyFlipkartOrder_mbkmopm8fz4256499.png
</system-out>
    <system-err>log4j:WARN No such property [follow] in org.apache.log4j.FileAppender.
Starting ChromeDriver 2.33.506120 (e3e53437346286c0bc2d2dc9aa4915ba81d9023f) on port 15543
Only local connections are allowed.
[320.646][SEVERE]: Timed out receiving message from renderer: 300.000
[320.656][SEVERE]: Timed out receiving message from renderer: -0.018
</system-err>
  </testcase>
</testsuite>