<?xml version="1.0" encoding="UTF-8"?>
<testng-results skipped="0" failed="0" ignored="0" total="1" passed="1">
  <reporter-output>
    <line>
      <![CDATA[300 It is sorted ]]>
    </line>
    <line>
      <![CDATA[<div style="display:block;margin-left:10px;"><div  class="pass"><span class="pass-label">P </span>Home Page verification
Expected: a string containing "Online Shopping for Men: Clothes, Shoes, Tech & more - AJIO"
     Actual: was "Online Shopping for Men: Clothes, Shoes, Tech & more - AJIO" <a href="../img/verifyFlipkartOrder_1156crxx7qxnt45329.png" target="_blank">[View Screenshot]</a> </div><div  class="pass"><span class="pass-label">P </span>SearchResultTestPage Verification
Expected: a string containing "Shirts Online: upto 70%+ Off on Formal & Casual Shirts for Men - AJIO"
     Actual: was "Shirts Online: upto 70%+ Off on Formal & Casual Shirts for Men - AJIO" <a href="../img/verifyFlipkartOrder_1i4zdi7gvyu4l45330.png" target="_blank">[View Screenshot]</a> </div><div  class="pass"><span class="pass-label">P </span>verifying the products 
Expected: a value greater than &lt;0&gt;
     Actual: &lt;45&gt; was greater than &lt;0&gt; <a href="../img/verifyFlipkartOrder_pbyyybzf7blv45331.png" target="_blank">[View Screenshot]</a> </div><div  class="pass"><span class="pass-label">P </span>
Expected: a string containing "NETWORK"
     Actual: was "NETWORK" <a href="../img/verifyFlipkartOrder_10ops8864l7ys45332.png" target="_blank">[View Screenshot]</a> </div><div  class="pass"><span class="pass-label">P </span>
Expected: a string containing "Fil-a-Fil Shirt with Patch Pocket"
     Actual: was "Fil-a-Fil Shirt with Patch Pocket" <a href="../img/verifyFlipkartOrder_1b7kyp4vdqwo645333.png" target="_blank">[View Screenshot]</a> </div><div  class="pass"><span class="pass-label">P </span>
Expected: a string containing "Rs. 300"
     Actual: was "Rs. 300" <a href="../img/verifyFlipkartOrder_1vm9t9roo7asz45334.png" target="_blank">[View Screenshot]</a> </div><div  class="pass"><span class="pass-label">P </span>Verifying add to cart page
Expected: a string containing "Your Shopping Bag | AJIO"
     Actual: was "Your Shopping Bag | AJIO" <a href="../img/verifyFlipkartOrder_sqkbzvmqc5af45335.png" target="_blank">[View Screenshot]</a> </div><div  class="pass"><span class="pass-label">P </span>
Expected: a string containing "Fil-a-Fil Shirt with Patch Pocket"
     Actual: was "NETWORK - Fil-a-Fil Shirt with Patch Pocket" <a href="../img/verifyFlipkartOrder_al4wmy8zceq345336.png" target="_blank">[View Screenshot]</a> </div><div  class="pass"><span class="pass-label">P </span>
Expected: a string containing "Rs. 300"
     Actual: was "Rs. 300.00" <a href="../img/verifyFlipkartOrder_ra2mqe79sfc445337.png" target="_blank">[View Screenshot]</a> </div></div>]]>
    </line>
  </reporter-output>
  <suite name="Suite" duration-ms="45749" started-at="2018-01-22T07:14:17Z" finished-at="2018-01-22T07:15:03Z">
    <groups>
    </groups>
    <test name="Test" duration-ms="45749" started-at="2018-01-22T07:14:17Z" finished-at="2018-01-22T07:15:03Z">
      <class name="com.ajioweb.test.TestFlipkartOrderVerification">
        <test-method status="PASS" signature="verifyFlipkartOrder()[pri:0, instance:com.ajioweb.test.TestFlipkartOrderVerification@e874448]" name="verifyFlipkartOrder" duration-ms="45711" started-at="2018-01-22T12:44:17Z" finished-at="2018-01-22T12:45:03Z">
          <reporter-output>
            <line>
              <![CDATA[300 It is sorted ]]>
            </line>
            <line>
              <![CDATA[<div style="display:block;margin-left:10px;"><div  class="pass"><span class="pass-label">P </span>Home Page verification
Expected: a string containing "Online Shopping for Men: Clothes, Shoes, Tech & more - AJIO"
     Actual: was "Online Shopping for Men: Clothes, Shoes, Tech & more - AJIO" <a href="../img/verifyFlipkartOrder_1156crxx7qxnt45329.png" target="_blank">[View Screenshot]</a> </div><div  class="pass"><span class="pass-label">P </span>SearchResultTestPage Verification
Expected: a string containing "Shirts Online: upto 70%+ Off on Formal & Casual Shirts for Men - AJIO"
     Actual: was "Shirts Online: upto 70%+ Off on Formal & Casual Shirts for Men - AJIO" <a href="../img/verifyFlipkartOrder_1i4zdi7gvyu4l45330.png" target="_blank">[View Screenshot]</a> </div><div  class="pass"><span class="pass-label">P </span>verifying the products 
Expected: a value greater than &lt;0&gt;
     Actual: &lt;45&gt; was greater than &lt;0&gt; <a href="../img/verifyFlipkartOrder_pbyyybzf7blv45331.png" target="_blank">[View Screenshot]</a> </div><div  class="pass"><span class="pass-label">P </span>
Expected: a string containing "NETWORK"
     Actual: was "NETWORK" <a href="../img/verifyFlipkartOrder_10ops8864l7ys45332.png" target="_blank">[View Screenshot]</a> </div><div  class="pass"><span class="pass-label">P </span>
Expected: a string containing "Fil-a-Fil Shirt with Patch Pocket"
     Actual: was "Fil-a-Fil Shirt with Patch Pocket" <a href="../img/verifyFlipkartOrder_1b7kyp4vdqwo645333.png" target="_blank">[View Screenshot]</a> </div><div  class="pass"><span class="pass-label">P </span>
Expected: a string containing "Rs. 300"
     Actual: was "Rs. 300" <a href="../img/verifyFlipkartOrder_1vm9t9roo7asz45334.png" target="_blank">[View Screenshot]</a> </div><div  class="pass"><span class="pass-label">P </span>Verifying add to cart page
Expected: a string containing "Your Shopping Bag | AJIO"
     Actual: was "Your Shopping Bag | AJIO" <a href="../img/verifyFlipkartOrder_sqkbzvmqc5af45335.png" target="_blank">[View Screenshot]</a> </div><div  class="pass"><span class="pass-label">P </span>
Expected: a string containing "Fil-a-Fil Shirt with Patch Pocket"
     Actual: was "NETWORK - Fil-a-Fil Shirt with Patch Pocket" <a href="../img/verifyFlipkartOrder_al4wmy8zceq345336.png" target="_blank">[View Screenshot]</a> </div><div  class="pass"><span class="pass-label">P </span>
Expected: a string containing "Rs. 300"
     Actual: was "Rs. 300.00" <a href="../img/verifyFlipkartOrder_ra2mqe79sfc445337.png" target="_blank">[View Screenshot]</a> </div></div>]]>
            </line>
          </reporter-output>
        </test-method> <!-- verifyFlipkartOrder -->
      </class> <!-- com.ajioweb.test.TestFlipkartOrderVerification -->
    </test> <!-- Test -->
  </suite> <!-- Suite -->
</testng-results>
