<?xml version="1.0" encoding="UTF-8"?>
<testng-results skipped="0" failed="0" ignored="0" total="1" passed="1">
  <reporter-output>
    <line>
      <![CDATA[Filtered according to brand]]>
    </line>
    <line>
      <![CDATA[Filtered according to brand]]>
    </line>
    <line>
      <![CDATA[Filtered according to brand]]>
    </line>
    <line>
      <![CDATA[Filtered according to brand]]>
    </line>
    <line>
      <![CDATA[Filtered according to brand]]>
    </line>
    <line>
      <![CDATA[Filtered according to brand]]>
    </line>
    <line>
      <![CDATA[Filtered according to brand]]>
    </line>
    <line>
      <![CDATA[Filtered according to brand]]>
    </line>
    <line>
      <![CDATA[Filtered according to brand]]>
    </line>
    <line>
      <![CDATA[Filtered according to brand]]>
    </line>
    <line>
      <![CDATA[Filtered according to brand]]>
    </line>
    <line>
      <![CDATA[Filtered according to brand]]>
    </line>
    <line>
      <![CDATA[Filtered according to brand]]>
    </line>
    <line>
      <![CDATA[Filtered according to brand]]>
    </line>
    <line>
      <![CDATA[Filtered according to brand]]>
    </line>
    <line>
      <![CDATA[Filtered according to brand]]>
    </line>
    <line>
      <![CDATA[Filtered according to brand]]>
    </line>
    <line>
      <![CDATA[Filtered according to brand]]>
    </line>
    <line>
      <![CDATA[Filtered according to brand]]>
    </line>
    <line>
      <![CDATA[Filtered according to brand]]>
    </line>
    <line>
      <![CDATA[Filtered according to brand]]>
    </line>
    <line>
      <![CDATA[Filtered according to brand]]>
    </line>
    <line>
      <![CDATA[Filtered according to brand]]>
    </line>
    <line>
      <![CDATA[Filtered according to brand]]>
    </line>
    <line>
      <![CDATA[Filtered according to brand]]>
    </line>
    <line>
      <![CDATA[Filtered according to brand]]>
    </line>
    <line>
      <![CDATA[Filtered according to brand]]>
    </line>
    <line>
      <![CDATA[Filtered according to brand]]>
    </line>
    <line>
      <![CDATA[Filtered according to brand]]>
    </line>
    <line>
      <![CDATA[Filtered according to brand]]>
    </line>
    <line>
      <![CDATA[Filtered according to brand]]>
    </line>
    <line>
      <![CDATA[Filtered according to brand]]>
    </line>
    <line>
      <![CDATA[Filtered according to brand]]>
    </line>
    <line>
      <![CDATA[Filtered according to brand]]>
    </line>
    <line>
      <![CDATA[Filtered according to brand]]>
    </line>
    <line>
      <![CDATA[Filtered according to brand]]>
    </line>
    <line>
      <![CDATA[Filtered according to brand]]>
    </line>
    <line>
      <![CDATA[Filtered according to brand]]>
    </line>
    <line>
      <![CDATA[Filtered according to brand]]>
    </line>
    <line>
      <![CDATA[Filtered according to brand]]>
    </line>
    <line>
      <![CDATA[Filtered according to brand]]>
    </line>
    <line>
      <![CDATA[Filtered according to brand]]>
    </line>
    <line>
      <![CDATA[Filtered according to brand]]>
    </line>
    <line>
      <![CDATA[Filtered according to brand]]>
    </line>
    <line>
      <![CDATA[Filtered according to brand]]>
    </line>
    <line>
      <![CDATA[<div style="display:block;margin-left:10px;"><div  class="pass"><span class="pass-label">P </span>Home Page verification
Expected: a string containing "Online Shopping for Men: Clothes, Shoes, Tech & more - AJIO"
     Actual: was "Online Shopping for Men: Clothes, Shoes, Tech & more - AJIO" <a href="../img/verifySortedbyDiscount_1ued6vpk95q763437.png" target="_blank">[View Screenshot]</a> </div><div  class="pass"><span class="pass-label">P </span>verifying the products 
Expected: a value greater than &lt;0&gt;
     Actual: &lt;45&gt; was greater than &lt;0&gt; <a href="../img/verifySortedbyDiscount_cpz1n6r7iiso3438.png" target="_blank">[View Screenshot]</a> </div><div  class="pass"><span class="pass-label">P </span>
Expected: &lt;true&gt;
     Actual: was &lt;true&gt; <a href="../img/verifySortedbyDiscount_3vb9hg2diytp3439.png" target="_blank">[View Screenshot]</a> </div><div  class="pass"><span class="pass-label">P </span>
Expected: a string containing "AJIO"
     Actual: was "AJIO" <a href="../img/verifySortedbyDiscount_1tp7qdz1ji20l3440.png" target="_blank">[View Screenshot]</a> </div><div  class="pass"><span class="pass-label">P </span>
Expected: a string containing "CHECKED SHIRT WITH BUTTONED POCKETS"
     Actual: was "CHECKED SHIRT WITH BUTTONED POCKETS" <a href="../img/verifySortedbyDiscount_18fodk5yushzn3441.png" target="_blank">[View Screenshot]</a> </div><div  class="pass"><span class="pass-label">P </span>
Expected: a string containing "RS. 1,124"
     Actual: was "RS. 1,124" <a href="../img/verifySortedbyDiscount_1jjanikwjc5ki3442.png" target="_blank">[View Screenshot]</a> </div><div  class="pass"><span class="pass-label">P </span>Verifying add to cart page
Expected: a string containing "Your Shopping Bag | AJIO"
     Actual: was "Your Shopping Bag | AJIO" <a href="../img/verifySortedbyDiscount_gofraktah32m3443.png" target="_blank">[View Screenshot]</a> </div><div  class="pass"><span class="pass-label">P </span>
Expected: a string containing "Checked Shirt with Buttoned Pockets"
     Actual: was "AJIO - Checked Shirt with Buttoned Pockets" <a href="../img/verifySortedbyDiscount_1o6jfflgq1j993444.png" target="_blank">[View Screenshot]</a> </div><div  class="pass"><span class="pass-label">P </span>
Expected: a string containing "Rs. 1,124"
     Actual: was "Rs. 1,124.00" <a href="../img/verifySortedbyDiscount_y8vlzszqpok03445.png" target="_blank">[View Screenshot]</a> </div></div>]]>
    </line>
  </reporter-output>
  <suite name="Default suite" duration-ms="38445" started-at="2018-01-24T08:20:32Z" finished-at="2018-01-24T08:21:10Z">
    <groups>
    </groups>
    <test name="Default test" duration-ms="38445" started-at="2018-01-24T08:20:32Z" finished-at="2018-01-24T08:21:10Z">
      <class name="com.ajioweb.test.VerifyBrandFilter">
        <test-method status="PASS" signature="verifySortedbyDiscount()[pri:0, instance:com.ajioweb.test.VerifyBrandFilter@70be0a2b]" name="verifySortedbyDiscount" duration-ms="38404" started-at="2018-01-24T13:50:32Z" finished-at="2018-01-24T13:51:10Z">
          <reporter-output>
            <line>
              <![CDATA[Filtered according to brand]]>
            </line>
            <line>
              <![CDATA[Filtered according to brand]]>
            </line>
            <line>
              <![CDATA[Filtered according to brand]]>
            </line>
            <line>
              <![CDATA[Filtered according to brand]]>
            </line>
            <line>
              <![CDATA[Filtered according to brand]]>
            </line>
            <line>
              <![CDATA[Filtered according to brand]]>
            </line>
            <line>
              <![CDATA[Filtered according to brand]]>
            </line>
            <line>
              <![CDATA[Filtered according to brand]]>
            </line>
            <line>
              <![CDATA[Filtered according to brand]]>
            </line>
            <line>
              <![CDATA[Filtered according to brand]]>
            </line>
            <line>
              <![CDATA[Filtered according to brand]]>
            </line>
            <line>
              <![CDATA[Filtered according to brand]]>
            </line>
            <line>
              <![CDATA[Filtered according to brand]]>
            </line>
            <line>
              <![CDATA[Filtered according to brand]]>
            </line>
            <line>
              <![CDATA[Filtered according to brand]]>
            </line>
            <line>
              <![CDATA[Filtered according to brand]]>
            </line>
            <line>
              <![CDATA[Filtered according to brand]]>
            </line>
            <line>
              <![CDATA[Filtered according to brand]]>
            </line>
            <line>
              <![CDATA[Filtered according to brand]]>
            </line>
            <line>
              <![CDATA[Filtered according to brand]]>
            </line>
            <line>
              <![CDATA[Filtered according to brand]]>
            </line>
            <line>
              <![CDATA[Filtered according to brand]]>
            </line>
            <line>
              <![CDATA[Filtered according to brand]]>
            </line>
            <line>
              <![CDATA[Filtered according to brand]]>
            </line>
            <line>
              <![CDATA[Filtered according to brand]]>
            </line>
            <line>
              <![CDATA[Filtered according to brand]]>
            </line>
            <line>
              <![CDATA[Filtered according to brand]]>
            </line>
            <line>
              <![CDATA[Filtered according to brand]]>
            </line>
            <line>
              <![CDATA[Filtered according to brand]]>
            </line>
            <line>
              <![CDATA[Filtered according to brand]]>
            </line>
            <line>
              <![CDATA[Filtered according to brand]]>
            </line>
            <line>
              <![CDATA[Filtered according to brand]]>
            </line>
            <line>
              <![CDATA[Filtered according to brand]]>
            </line>
            <line>
              <![CDATA[Filtered according to brand]]>
            </line>
            <line>
              <![CDATA[Filtered according to brand]]>
            </line>
            <line>
              <![CDATA[Filtered according to brand]]>
            </line>
            <line>
              <![CDATA[Filtered according to brand]]>
            </line>
            <line>
              <![CDATA[Filtered according to brand]]>
            </line>
            <line>
              <![CDATA[Filtered according to brand]]>
            </line>
            <line>
              <![CDATA[Filtered according to brand]]>
            </line>
            <line>
              <![CDATA[Filtered according to brand]]>
            </line>
            <line>
              <![CDATA[Filtered according to brand]]>
            </line>
            <line>
              <![CDATA[Filtered according to brand]]>
            </line>
            <line>
              <![CDATA[Filtered according to brand]]>
            </line>
            <line>
              <![CDATA[Filtered according to brand]]>
            </line>
            <line>
              <![CDATA[<div style="display:block;margin-left:10px;"><div  class="pass"><span class="pass-label">P </span>Home Page verification
Expected: a string containing "Online Shopping for Men: Clothes, Shoes, Tech & more - AJIO"
     Actual: was "Online Shopping for Men: Clothes, Shoes, Tech & more - AJIO" <a href="../img/verifySortedbyDiscount_1ued6vpk95q763437.png" target="_blank">[View Screenshot]</a> </div><div  class="pass"><span class="pass-label">P </span>verifying the products 
Expected: a value greater than &lt;0&gt;
     Actual: &lt;45&gt; was greater than &lt;0&gt; <a href="../img/verifySortedbyDiscount_cpz1n6r7iiso3438.png" target="_blank">[View Screenshot]</a> </div><div  class="pass"><span class="pass-label">P </span>
Expected: &lt;true&gt;
     Actual: was &lt;true&gt; <a href="../img/verifySortedbyDiscount_3vb9hg2diytp3439.png" target="_blank">[View Screenshot]</a> </div><div  class="pass"><span class="pass-label">P </span>
Expected: a string containing "AJIO"
     Actual: was "AJIO" <a href="../img/verifySortedbyDiscount_1tp7qdz1ji20l3440.png" target="_blank">[View Screenshot]</a> </div><div  class="pass"><span class="pass-label">P </span>
Expected: a string containing "CHECKED SHIRT WITH BUTTONED POCKETS"
     Actual: was "CHECKED SHIRT WITH BUTTONED POCKETS" <a href="../img/verifySortedbyDiscount_18fodk5yushzn3441.png" target="_blank">[View Screenshot]</a> </div><div  class="pass"><span class="pass-label">P </span>
Expected: a string containing "RS. 1,124"
     Actual: was "RS. 1,124" <a href="../img/verifySortedbyDiscount_1jjanikwjc5ki3442.png" target="_blank">[View Screenshot]</a> </div><div  class="pass"><span class="pass-label">P </span>Verifying add to cart page
Expected: a string containing "Your Shopping Bag | AJIO"
     Actual: was "Your Shopping Bag | AJIO" <a href="../img/verifySortedbyDiscount_gofraktah32m3443.png" target="_blank">[View Screenshot]</a> </div><div  class="pass"><span class="pass-label">P </span>
Expected: a string containing "Checked Shirt with Buttoned Pockets"
     Actual: was "AJIO - Checked Shirt with Buttoned Pockets" <a href="../img/verifySortedbyDiscount_1o6jfflgq1j993444.png" target="_blank">[View Screenshot]</a> </div><div  class="pass"><span class="pass-label">P </span>
Expected: a string containing "Rs. 1,124"
     Actual: was "Rs. 1,124.00" <a href="../img/verifySortedbyDiscount_y8vlzszqpok03445.png" target="_blank">[View Screenshot]</a> </div></div>]]>
            </line>
          </reporter-output>
        </test-method> <!-- verifySortedbyDiscount -->
      </class> <!-- com.ajioweb.test.VerifyBrandFilter -->
    </test> <!-- Default test -->
  </suite> <!-- Default suite -->
</testng-results>
